La génération a démarré 07.07.2011 15:34:23.
     1>Projet "D:\Pavillon noir\Code\trunk\pavillonnoir\__managers\vcpp10\pnimporter\pnimporter.vcxproj" sur le nœud 4 (build cible(s)).
     1>InitializeBuildStatus:
         Création de "Debug\pnimporter.unsuccessfulbuild", car "AlwaysCreate" a été spécifié.
       ClCompile:
         Toutes les sorties sont à jour.
         c:\Program Files (x86)\Microsoft Visual Studio 10.0\VC\bin\CL.exe /c /I../../../__src/pncommon /I../../../__library/win32/include /I../../../__library/common/ /Zi /nologo /W3 /WX- /Od /Oy- /D WIN32 /D _DEBUG /D _WINDOWS /D _USRDLL /D PNIMPORTER_EXPORTS /D BOOST_ALL_DYN_LINK /D _WINDLL /D _MBCS /Gm /EHsc /RTC1 /MTd /GS /fp:precise /Zc:wchar_t /Zc:forScope /Fo"Debug\\" /Fd"Debug\vc100.pdb" /Gd /TP /analyze- /errorReport:prompt ..\..\..\__src\pnimporter\pndlmain.cpp ..\..\..\__src\pnimporter\PNIImporter.cpp ..\..\..\__src\pnimporter\PNIImporterPlugDesc.cpp ..\..\..\__src\pnimporter\a_parseBody.cpp ..\..\..\__src\pnimporter\a_parseHeader.cpp ..\..\..\__src\pnimporter\PNI3DAnimation.cpp ..\..\..\__src\pnimporter\PNIAnimationBone.cpp ..\..\..\__src\pnimporter\PNIAnimationImporter.cpp ..\..\..\__src\pnimporter\m_parseBody.cpp ..\..\..\__src\pnimporter\m_parseHeader.cpp ..\..\..\__src\pnimporter\PNI3DMesh.cpp ..\..\..\__src\pnimporter\PNI3DModel.cpp ..\..\..\__src\pnimporter\PNIModelImporter.cpp ..\..\..\__src\pnimporter\PNIVertex.cpp ..\..\..\__src\pnimporter\PNI3DMaterial.cpp ..\..\..\__src\pnimporter\PNIMaterialImporter.cpp ..\..\..\__src\pnimporter\PNI3DSkeleton.cpp ..\..\..\__src\pnimporter\PNIBone.cpp ..\..\..\__src\pnimporter\PNISkeletonImporter.cpp ..\..\..\__src\pnimporter\s_parseBody.cpp ..\..\..\__src\pnimporter\s_parseHeader.cpp -DBOOST_FILESYSTEM_VERSION=2 
         s_parseHeader.cpp
     1>D:\Pavillon noir\Code\trunk\pavillonnoir\__library\win32\include\boost/config/auto_link.hpp(349): fatal error C1189: #error :  "Mixing a dll boost library with a static runtime is a really bad idea..."
         s_parseBody.cpp
     1>D:\Pavillon noir\Code\trunk\pavillonnoir\__library\win32\include\boost/config/auto_link.hpp(349): fatal error C1189: #error :  "Mixing a dll boost library with a static runtime is a really bad idea..."
         PNISkeletonImporter.cpp
     1>D:\Pavillon noir\Code\trunk\pavillonnoir\__library\win32\include\boost/config/auto_link.hpp(349): fatal error C1189: #error :  "Mixing a dll boost library with a static runtime is a really bad idea..."
         PNIBone.cpp
     1>D:\Pavillon noir\Code\trunk\pavillonnoir\__library\win32\include\boost/config/auto_link.hpp(349): fatal error C1189: #error :  "Mixing a dll boost library with a static runtime is a really bad idea..."
         PNI3DSkeleton.cpp
     1>D:\Pavillon noir\Code\trunk\pavillonnoir\__library\win32\include\boost/config/auto_link.hpp(349): fatal error C1189: #error :  "Mixing a dll boost library with a static runtime is a really bad idea..."
         PNIMaterialImporter.cpp
     1>D:\Pavillon noir\Code\trunk\pavillonnoir\__library\win32\include\boost/config/auto_link.hpp(349): fatal error C1189: #error :  "Mixing a dll boost library with a static runtime is a really bad idea..."
         PNI3DMaterial.cpp
     1>D:\Pavillon noir\Code\trunk\pavillonnoir\__library\win32\include\boost/config/auto_link.hpp(349): fatal error C1189: #error :  "Mixing a dll boost library with a static runtime is a really bad idea..."
         PNIVertex.cpp
     1>D:\Pavillon noir\Code\trunk\pavillonnoir\__library\win32\include\boost/config/auto_link.hpp(349): fatal error C1189: #error :  "Mixing a dll boost library with a static runtime is a really bad idea..."
         PNIModelImporter.cpp
     1>D:\Pavillon noir\Code\trunk\pavillonnoir\__library\win32\include\boost/config/auto_link.hpp(349): fatal error C1189: #error :  "Mixing a dll boost library with a static runtime is a really bad idea..."
         PNI3DModel.cpp
     1>D:\Pavillon noir\Code\trunk\pavillonnoir\__library\win32\include\boost/config/auto_link.hpp(349): fatal error C1189: #error :  "Mixing a dll boost library with a static runtime is a really bad idea..."
         PNI3DMesh.cpp
     1>D:\Pavillon noir\Code\trunk\pavillonnoir\__library\win32\include\boost/config/auto_link.hpp(349): fatal error C1189: #error :  "Mixing a dll boost library with a static runtime is a really bad idea..."
         m_parseHeader.cpp
     1>D:\Pavillon noir\Code\trunk\pavillonnoir\__library\win32\include\boost/config/auto_link.hpp(349): fatal error C1189: #error :  "Mixing a dll boost library with a static runtime is a really bad idea..."
         m_parseBody.cpp
     1>D:\Pavillon noir\Code\trunk\pavillonnoir\__library\win32\include\boost/config/auto_link.hpp(349): fatal error C1189: #error :  "Mixing a dll boost library with a static runtime is a really bad idea..."
         PNIAnimationImporter.cpp
     1>D:\Pavillon noir\Code\trunk\pavillonnoir\__library\win32\include\boost/config/auto_link.hpp(349): fatal error C1189: #error :  "Mixing a dll boost library with a static runtime is a really bad idea..."
         PNIAnimationBone.cpp
     1>D:\Pavillon noir\Code\trunk\pavillonnoir\__library\win32\include\boost/config/auto_link.hpp(349): fatal error C1189: #error :  "Mixing a dll boost library with a static runtime is a really bad idea..."
         PNI3DAnimation.cpp
     1>D:\Pavillon noir\Code\trunk\pavillonnoir\__library\win32\include\boost/config/auto_link.hpp(349): fatal error C1189: #error :  "Mixing a dll boost library with a static runtime is a really bad idea..."
         a_parseHeader.cpp
     1>D:\Pavillon noir\Code\trunk\pavillonnoir\__library\win32\include\boost/config/auto_link.hpp(349): fatal error C1189: #error :  "Mixing a dll boost library with a static runtime is a really bad idea..."
         a_parseBody.cpp
     1>D:\Pavillon noir\Code\trunk\pavillonnoir\__library\win32\include\boost/config/auto_link.hpp(349): fatal error C1189: #error :  "Mixing a dll boost library with a static runtime is a really bad idea..."
         PNIImporterPlugDesc.cpp
     1>D:\Pavillon noir\Code\trunk\pavillonnoir\__library\win32\include\boost/config/auto_link.hpp(349): fatal error C1189: #error :  "Mixing a dll boost library with a static runtime is a really bad idea..."
         PNIImporter.cpp
     1>D:\Pavillon noir\Code\trunk\pavillonnoir\__library\win32\include\boost/config/auto_link.hpp(349): fatal error C1189: #error :  "Mixing a dll boost library with a static runtime is a really bad idea..."
         Generating Code...
         Compiling...
         pndlmain.cpp
     1>D:\Pavillon noir\Code\trunk\pavillonnoir\__library\win32\include\boost/config/auto_link.hpp(349): fatal error C1189: #error :  "Mixing a dll boost library with a static runtime is a really bad idea..."
         Generating Code...
     1>Génération du projet "D:\Pavillon noir\Code\trunk\pavillonnoir\__managers\vcpp10\pnimporter\pnimporter.vcxproj" terminée (build cible(s)) -- ÉCHEC.

ÉCHEC de la build.

Temps écoulé 00:00:15.59
