Build started 12.07.2011 09:57:28.
     1>Project "D:\Pavillon noir\Code\trunk\pavillonnoir\__managers\vcpp10\pnscript\pnscript.vcxproj" on node 4 (build target(s)).
     1>InitializeBuildStatus:
         Creating "Release\pnscript.unsuccessfulbuild" because "AlwaysCreate" was specified.
       PreBuildEvent:
         Description: generation de fichiers de bind lua
         cd ../../../__src/pnscript
         GenBinding.bat
         
         :VCEnd
       ClCompile:
         c:\Program Files (x86)\Microsoft Visual Studio 10.0\VC\bin\CL.exe /c /I../../../__src/pncore /I../../../__src/pncommon /I../../../__library/win32/include /I../../../__library/win32/include/CEGUI /I../../../__library/win32/include/lua /I../../../__library/common/ /Zi /nologo /W3 /WX- /O2 /Oy- /D WIN32 /D NDEBUG /D _WINDOWS /D _USRDLL /D PNSCRIPT_EXPORTS /D BOOST_ALL_DYN_LINK /D _WINDLL /D _MBCS /Gm- /EHsc /MD /GS /fp:precise /Zc:wchar_t /Zc:forScope /Fo"Release\\" /Fd"Release\vc100.pdb" /Gd /TP /analyze- /errorReport:prompt ..\..\..\__src\pnscript\pndlmain.cpp ..\..\..\__src\pnscript\PNLuaGame.cpp ..\..\..\__src\pnscript\PNLuaGameMap.cpp ..\..\..\__src\pnscript\PNLuaGameUtil.cpp ..\..\..\__src\pnscript\PNLuaVm.cpp ..\..\..\__src\pnscript\PNScriptPlugDesc.cpp ..\..\..\__src\pnscript\pnbind.cpp -DBOOST_FILESYSTEM_VERSION=2 
         pndlmain.cpp
         PNLuaGame.cpp
         PNLuaGameMap.cpp
         PNLuaGameUtil.cpp
         PNLuaVm.cpp
         PNScriptPlugDesc.cpp
         pnbind.cpp
     1>..\..\..\__src\pnscript\pnbind.cpp(156): warning C4800: 'int' : forcing value to bool 'true' or 'false' (performance warning)
     1>..\..\..\__src\pnscript\pnbind.cpp(6268): warning C4800: 'int' : forcing value to bool 'true' or 'false' (performance warning)
     1>..\..\..\__src\pnscript\pnbind.cpp(6524): warning C4800: 'int' : forcing value to bool 'true' or 'false' (performance warning)
     1>..\..\..\__src\pnscript\pnbind.cpp(6589): warning C4800: 'int' : forcing value to bool 'true' or 'false' (performance warning)
     1>..\..\..\__src\pnscript\pnbind.cpp(6998): warning C4800: 'int' : forcing value to bool 'true' or 'false' (performance warning)
     1>..\..\..\__src\pnscript\pnbind.cpp(7354): warning C4800: 'int' : forcing value to bool 'true' or 'false' (performance warning)
     1>..\..\..\__src\pnscript\pnbind.cpp(7388): warning C4800: 'int' : forcing value to bool 'true' or 'false' (performance warning)
         Generating Code...
       ResourceCompile:
         c:\Program Files (x86)\Microsoft SDKs\Windows\v7.0A\bin\rc.exe /l"0x0409" /nologo /fo"Release\pnscript.res" pnscript.rc 
     1>C:\Program Files (x86)\MSBuild\Microsoft.Cpp\v4.0\Microsoft.CppBuild.targets(990,5): warning MSB8012: TargetPath(D:\Pavillon noir\Code\trunk\pavillonnoir\__managers\vcpp10\Release\pnscript.dll) does not match the Linker's OutputFile property value (D:\Pavillon noir\Code\trunk\pavillonnoir\__binaries\win32\plugins\pnscript.pnp). This may cause your project to build incorrectly. To correct this, please make sure that $(OutDir), $(TargetName) and $(TargetExt) property values match the value specified in %(Link.OutputFile).
     1>C:\Program Files (x86)\MSBuild\Microsoft.Cpp\v4.0\Microsoft.CppBuild.targets(991,5): warning MSB8012: TargetExt(.dll) does not match the Linker's OutputFile property value (.pnp). This may cause your project to build incorrectly. To correct this, please make sure that $(OutDir), $(TargetName) and $(TargetExt) property values match the value specified in %(Link.OutputFile).
       Link:
         c:\Program Files (x86)\Microsoft Visual Studio 10.0\VC\bin\link.exe /ERRORREPORT:PROMPT /OUT:"../../../__binaries/win32/plugins/pnscript.pnp" /INCREMENTAL:NO /NOLOGO /LIBPATH:..\..\..\__library\win32\lib lua5.1.lib tolua++.lib kernel32.lib user32.lib gdi32.lib winspool.lib comdlg32.lib advapi32.lib shell32.lib ole32.lib oleaut32.lib uuid.lib odbc32.lib odbccp32.lib /MANIFEST /ManifestFile:"Release\pnscript.dll.intermediate.manifest" /MANIFESTUAC:"level='asInvoker' uiAccess='false'" /PDB:"D:\Pavillon noir\Code\trunk\pavillonnoir\__managers\vcpp10\Release\pnscript.pdb" /SUBSYSTEM:WINDOWS /OPT:REF /OPT:ICF /TLBID:1 /DYNAMICBASE /NXCOMPAT /IMPLIB:"Release\pnscript.lib" /MACHINE:X86 /DLL Release\pnscript.res
         Release\pndlmain.obj
         Release\PNLuaGame.obj
         Release\PNLuaGameMap.obj
         Release\PNLuaGameUtil.obj
         Release\PNLuaVm.obj
         Release\PNScriptPlugDesc.obj
         Release\pnbind.obj
         "D:\Pavillon noir\Code\trunk\pavillonnoir\__managers\vcpp10\pncommon\Release\pncommon.lib"
            Creating library Release\pnscript.lib and object Release\pnscript.exp
     1>LINK : warning LNK4098: defaultlib 'LIBCMT' conflicts with use of other libs; use /NODEFAULTLIB:library
         pnscript.vcxproj -> D:\Pavillon noir\Code\trunk\pavillonnoir\__managers\vcpp10\Release\pnscript.dll
       Manifest:
         c:\Program Files (x86)\Microsoft SDKs\Windows\v7.0A\bin\mt.exe /nologo /verbose /outputresource:"../../../__binaries/win32/plugins/pnscript.pnp;#2" /manifest Release\pnscript.dll.intermediate.manifest
       FinalizeBuildStatus:
         Deleting file "Release\pnscript.unsuccessfulbuild".
         Touching "Release\pnscript.lastbuildstate".
     1>Done Building Project "D:\Pavillon noir\Code\trunk\pavillonnoir\__managers\vcpp10\pnscript\pnscript.vcxproj" (build target(s)).

Build succeeded.

Time Elapsed 00:00:33.42
