D:\PAVILLON NOIR\CODE\TRUNK\PAVILLONNOIR\__BINARIES\WIN32\PLUGINS\PNSCRIPT.PNP
D:\Pavillon noir\Code\trunk\pavillonnoir\__managers\vcpp10\pnscript\Release\cl.command.1.tlog
D:\Pavillon noir\Code\trunk\pavillonnoir\__managers\vcpp10\pnscript\Release\CL.read.1.tlog
D:\Pavillon noir\Code\trunk\pavillonnoir\__managers\vcpp10\pnscript\Release\CL.write.1.tlog
D:\Pavillon noir\Code\trunk\pavillonnoir\__managers\vcpp10\pnscript\Release\link.command.1.tlog
D:\Pavillon noir\Code\trunk\pavillonnoir\__managers\vcpp10\pnscript\Release\link.read.1.tlog
D:\Pavillon noir\Code\trunk\pavillonnoir\__managers\vcpp10\pnscript\Release\link.write.1.tlog
D:\Pavillon noir\Code\trunk\pavillonnoir\__managers\vcpp10\pnscript\Release\link-cvtres.read.1.tlog
D:\Pavillon noir\Code\trunk\pavillonnoir\__managers\vcpp10\pnscript\Release\link-cvtres.write.1.tlog
D:\Pavillon noir\Code\trunk\pavillonnoir\__managers\vcpp10\pnscript\Release\mt.command.1.tlog
D:\Pavillon noir\Code\trunk\pavillonnoir\__managers\vcpp10\pnscript\Release\mt.read.1.tlog
D:\Pavillon noir\Code\trunk\pavillonnoir\__managers\vcpp10\pnscript\Release\mt.write.1.tlog
D:\PAVILLON NOIR\CODE\TRUNK\PAVILLONNOIR\__MANAGERS\VCPP10\PNSCRIPT\RELEASE\PNBIND.OBJ
D:\PAVILLON NOIR\CODE\TRUNK\PAVILLONNOIR\__MANAGERS\VCPP10\PNSCRIPT\RELEASE\PNDLMAIN.OBJ
D:\PAVILLON NOIR\CODE\TRUNK\PAVILLONNOIR\__MANAGERS\VCPP10\PNSCRIPT\RELEASE\PNLUAGAME.OBJ
D:\PAVILLON NOIR\CODE\TRUNK\PAVILLONNOIR\__MANAGERS\VCPP10\PNSCRIPT\RELEASE\PNLUAGAMEMAP.OBJ
D:\PAVILLON NOIR\CODE\TRUNK\PAVILLONNOIR\__MANAGERS\VCPP10\PNSCRIPT\RELEASE\PNLUAGAMEUTIL.OBJ
D:\PAVILLON NOIR\CODE\TRUNK\PAVILLONNOIR\__MANAGERS\VCPP10\PNSCRIPT\RELEASE\PNLUAVM.OBJ
D:\PAVILLON NOIR\CODE\TRUNK\PAVILLONNOIR\__MANAGERS\VCPP10\PNSCRIPT\RELEASE\PNSCRIPT.DLL.INTERMEDIATE.MANIFEST
D:\Pavillon noir\Code\trunk\pavillonnoir\__managers\vcpp10\pnscript\Release\pnscript.exp
D:\Pavillon noir\Code\trunk\pavillonnoir\__managers\vcpp10\pnscript\Release\pnscript.lib
D:\PAVILLON NOIR\CODE\TRUNK\PAVILLONNOIR\__MANAGERS\VCPP10\PNSCRIPT\RELEASE\PNSCRIPT.RES
D:\Pavillon noir\Code\trunk\pavillonnoir\__managers\vcpp10\pnscript\Release\pnscript.write.1.tlog
D:\PAVILLON NOIR\CODE\TRUNK\PAVILLONNOIR\__MANAGERS\VCPP10\PNSCRIPT\RELEASE\PNSCRIPTPLUGDESC.OBJ
D:\Pavillon noir\Code\trunk\pavillonnoir\__managers\vcpp10\pnscript\Release\rc.command.1.tlog
D:\Pavillon noir\Code\trunk\pavillonnoir\__managers\vcpp10\pnscript\Release\rc.read.1.tlog
D:\Pavillon noir\Code\trunk\pavillonnoir\__managers\vcpp10\pnscript\Release\rc.write.1.tlog
D:\PAVILLON NOIR\CODE\TRUNK\PAVILLONNOIR\__MANAGERS\VCPP10\PNSCRIPT\RELEASE\VC100.PDB
