D:\PAVILLON NOIR\CODE\TRUNK\PAVILLONNOIR\__BINARIES\WIN32\PNEDITOR-DBG.EXE
D:\PAVILLON NOIR\CODE\TRUNK\PAVILLONNOIR\__BINARIES\WIN32\PNEDITOR-DBG.ILK
D:\PAVILLON NOIR\CODE\TRUNK\PAVILLONNOIR\__MANAGERS\VCPP10\DEBUG\PNEDITOR.PDB
D:\Pavillon noir\Code\trunk\pavillonnoir\__managers\vcpp10\pneditor\Debug\cl.command.1.tlog
D:\Pavillon noir\Code\trunk\pavillonnoir\__managers\vcpp10\pneditor\Debug\CL.read.1.tlog
D:\Pavillon noir\Code\trunk\pavillonnoir\__managers\vcpp10\pneditor\Debug\CL.write.1.tlog
D:\Pavillon noir\Code\trunk\pavillonnoir\__managers\vcpp10\pneditor\Debug\link.command.1.tlog
D:\Pavillon noir\Code\trunk\pavillonnoir\__managers\vcpp10\pneditor\Debug\link.read.1.tlog
D:\Pavillon noir\Code\trunk\pavillonnoir\__managers\vcpp10\pneditor\Debug\link.write.1.tlog
D:\Pavillon noir\Code\trunk\pavillonnoir\__managers\vcpp10\pneditor\Debug\link-cvtres.read.1.tlog
D:\Pavillon noir\Code\trunk\pavillonnoir\__managers\vcpp10\pneditor\Debug\link-cvtres.write.1.tlog
D:\Pavillon noir\Code\trunk\pavillonnoir\__managers\vcpp10\pneditor\Debug\mt.command.1.tlog
D:\Pavillon noir\Code\trunk\pavillonnoir\__managers\vcpp10\pneditor\Debug\mt.read.1.tlog
D:\Pavillon noir\Code\trunk\pavillonnoir\__managers\vcpp10\pneditor\Debug\mt.write.1.tlog
D:\PAVILLON NOIR\CODE\TRUNK\PAVILLONNOIR\__MANAGERS\VCPP10\PNEDITOR\DEBUG\PNEDITOR.EXE.EMBED.MANIFEST
D:\PAVILLON NOIR\CODE\TRUNK\PAVILLONNOIR\__MANAGERS\VCPP10\PNEDITOR\DEBUG\PNEDITOR.EXE.EMBED.MANIFEST.RES
D:\PAVILLON NOIR\CODE\TRUNK\PAVILLONNOIR\__MANAGERS\VCPP10\PNEDITOR\DEBUG\PNEDITOR.EXE.INTERMEDIATE.MANIFEST
D:\PAVILLON NOIR\CODE\TRUNK\PAVILLONNOIR\__MANAGERS\VCPP10\PNEDITOR\DEBUG\PNEDITOR.OBJ
D:\Pavillon noir\Code\trunk\pavillonnoir\__managers\vcpp10\pneditor\Debug\pneditor.write.1.tlog
D:\Pavillon noir\Code\trunk\pavillonnoir\__managers\vcpp10\pneditor\Debug\pneditor_manifest.rc
D:\PAVILLON NOIR\CODE\TRUNK\PAVILLONNOIR\__MANAGERS\VCPP10\PNEDITOR\DEBUG\PNEDMAPPANEL.OBJ
D:\PAVILLON NOIR\CODE\TRUNK\PAVILLONNOIR\__MANAGERS\VCPP10\PNEDITOR\DEBUG\PNEDSKYBOX.OBJ
D:\PAVILLON NOIR\CODE\TRUNK\PAVILLONNOIR\__MANAGERS\VCPP10\PNEDITOR\DEBUG\PNEDSKYBOXPANEL.OBJ
D:\PAVILLON NOIR\CODE\TRUNK\PAVILLONNOIR\__MANAGERS\VCPP10\PNEDITOR\DEBUG\PNGLGROUP.OBJ
D:\PAVILLON NOIR\CODE\TRUNK\PAVILLONNOIR\__MANAGERS\VCPP10\PNEDITOR\DEBUG\PNGLSHAPE.OBJ
D:\PAVILLON NOIR\CODE\TRUNK\PAVILLONNOIR\__MANAGERS\VCPP10\PNEDITOR\DEBUG\PNGLVIEWER.OBJ
D:\PAVILLON NOIR\CODE\TRUNK\PAVILLONNOIR\__MANAGERS\VCPP10\PNEDITOR\DEBUG\PNPROPERTIESPANEL.OBJ
D:\PAVILLON NOIR\CODE\TRUNK\PAVILLONNOIR\__MANAGERS\VCPP10\PNEDITOR\DEBUG\PNSCRIPTCONFIGURABLEOBJECT.OBJ
D:\PAVILLON NOIR\CODE\TRUNK\PAVILLONNOIR\__MANAGERS\VCPP10\PNEDITOR\DEBUG\PNWAYPOINTOBJECT.OBJ
D:\Pavillon noir\Code\trunk\pavillonnoir\__managers\vcpp10\pneditor\Debug\rc.command.1.tlog
D:\Pavillon noir\Code\trunk\pavillonnoir\__managers\vcpp10\pneditor\Debug\rc.read.1.tlog
D:\Pavillon noir\Code\trunk\pavillonnoir\__managers\vcpp10\pneditor\Debug\rc.write.1.tlog
D:\PAVILLON NOIR\CODE\TRUNK\PAVILLONNOIR\__MANAGERS\VCPP10\PNEDITOR\DEBUG\RESSOURCES.RES
D:\Pavillon noir\Code\trunk\pavillonnoir\__managers\vcpp10\pneditor\Debug\vc100.idb
D:\PAVILLON NOIR\CODE\TRUNK\PAVILLONNOIR\__MANAGERS\VCPP10\PNEDITOR\DEBUG\VC100.PDB
