La génération a démarré 07.07.2011 15:34:16.
     1>Projet "D:\Pavillon noir\Code\trunk\pavillonnoir\__managers\vcpp10\pnopal\pnopal.vcxproj" sur le nœud 4 (build cible(s)).
     1>InitializeBuildStatus:
         Création de "Debug\pnopal.unsuccessfulbuild", car "AlwaysCreate" a été spécifié.
       ClCompile:
         Toutes les sorties sont à jour.
         c:\Program Files (x86)\Microsoft Visual Studio 10.0\VC\bin\CL.exe /c /I../../../__src/pncommon /I../../../__library/win32/include /I../../../__library/common/ /Zi /nologo /W3 /WX- /Od /Oy- /D WIN32 /D _DEBUG /D _WINDOWS /D _USRDLL /D PNOPAL_EXPORTS /D BOOST_ALL_DYN_LINK /D _WINDLL /D _MBCS /Gm /EHsc /RTC1 /MTd /GS /fp:precise /Zc:wchar_t /Zc:forScope /Fo"Debug\\" /Fd"Debug\vc100.pdb" /Gd /TP /analyze- /errorReport:prompt ..\..\..\__src\pnopal\pndlmain.cpp ..\..\..\__src\pnopal\PNOpal.cpp ..\..\..\__src\pnopal\PNOpalEvents.cpp ..\..\..\__src\pnopal\PNOpalImporter.cpp ..\..\..\__src\pnopal\PNOpalMeshImporter.cpp ..\..\..\__src\pnopal\PNOpalObject.cpp ..\..\..\__src\pnopal\PNOpalPlugDesc.cpp -DBOOST_FILESYSTEM_VERSION=2 
         PNOpalPlugDesc.cpp
     1>D:\Pavillon noir\Code\trunk\pavillonnoir\__library\win32\include\boost/config/auto_link.hpp(349): fatal error C1189: #error :  "Mixing a dll boost library with a static runtime is a really bad idea..."
         PNOpalObject.cpp
     1>D:\Pavillon noir\Code\trunk\pavillonnoir\__library\win32\include\boost/config/auto_link.hpp(349): fatal error C1189: #error :  "Mixing a dll boost library with a static runtime is a really bad idea..."
         PNOpalMeshImporter.cpp
     1>D:\Pavillon noir\Code\trunk\pavillonnoir\__library\win32\include\boost/config/auto_link.hpp(349): fatal error C1189: #error :  "Mixing a dll boost library with a static runtime is a really bad idea..."
         PNOpalImporter.cpp
     1>D:\Pavillon noir\Code\trunk\pavillonnoir\__library\win32\include\boost/config/auto_link.hpp(349): fatal error C1189: #error :  "Mixing a dll boost library with a static runtime is a really bad idea..."
         PNOpalEvents.cpp
     1>D:\Pavillon noir\Code\trunk\pavillonnoir\__library\win32\include\boost/config/auto_link.hpp(349): fatal error C1189: #error :  "Mixing a dll boost library with a static runtime is a really bad idea..."
         PNOpal.cpp
     1>D:\Pavillon noir\Code\trunk\pavillonnoir\__library\win32\include\boost/config/auto_link.hpp(349): fatal error C1189: #error :  "Mixing a dll boost library with a static runtime is a really bad idea..."
         pndlmain.cpp
     1>D:\Pavillon noir\Code\trunk\pavillonnoir\__library\win32\include\boost/config/auto_link.hpp(349): fatal error C1189: #error :  "Mixing a dll boost library with a static runtime is a really bad idea..."
         Generating Code...
     1>Génération du projet "D:\Pavillon noir\Code\trunk\pavillonnoir\__managers\vcpp10\pnopal\pnopal.vcxproj" terminée (build cible(s)) -- ÉCHEC.

ÉCHEC de la build.

Temps écoulé 00:00:22.34
