D:\PAVILLON NOIR\CODE\TRUNK\PAVILLONNOIR\__BINARIES\WIN32\PNEDITORCOMMON-DBG.DLL
D:\PAVILLON NOIR\CODE\TRUNK\PAVILLONNOIR\__BINARIES\WIN32\PNEDITORCOMMON-DBG.ILK
D:\PAVILLON NOIR\CODE\TRUNK\PAVILLONNOIR\__MANAGERS\VCPP10\DEBUG\PNEDITORCOMMON.PDB
D:\Pavillon noir\Code\trunk\pavillonnoir\__managers\vcpp10\pneditorcommon\Debug\cl.command.1.tlog
D:\Pavillon noir\Code\trunk\pavillonnoir\__managers\vcpp10\pneditorcommon\Debug\CL.read.1.tlog
D:\Pavillon noir\Code\trunk\pavillonnoir\__managers\vcpp10\pneditorcommon\Debug\CL.write.1.tlog
D:\Pavillon noir\Code\trunk\pavillonnoir\__managers\vcpp10\pneditorcommon\Debug\link.12564.read.1.tlog
D:\Pavillon noir\Code\trunk\pavillonnoir\__managers\vcpp10\pneditorcommon\Debug\link.12564.write.1.tlog
D:\Pavillon noir\Code\trunk\pavillonnoir\__managers\vcpp10\pneditorcommon\Debug\link.12564-cvtres.read.1.tlog
D:\Pavillon noir\Code\trunk\pavillonnoir\__managers\vcpp10\pneditorcommon\Debug\link.12564-cvtres.write.1.tlog
D:\Pavillon noir\Code\trunk\pavillonnoir\__managers\vcpp10\pneditorcommon\Debug\link.command.1.tlog
D:\Pavillon noir\Code\trunk\pavillonnoir\__managers\vcpp10\pneditorcommon\Debug\link.read.1.tlog
D:\Pavillon noir\Code\trunk\pavillonnoir\__managers\vcpp10\pneditorcommon\Debug\link.write.1.tlog
D:\Pavillon noir\Code\trunk\pavillonnoir\__managers\vcpp10\pneditorcommon\Debug\link-cvtres.read.1.tlog
D:\Pavillon noir\Code\trunk\pavillonnoir\__managers\vcpp10\pneditorcommon\Debug\link-cvtres.write.1.tlog
D:\Pavillon noir\Code\trunk\pavillonnoir\__managers\vcpp10\pneditorcommon\Debug\mt.command.1.tlog
D:\Pavillon noir\Code\trunk\pavillonnoir\__managers\vcpp10\pneditorcommon\Debug\mt.read.1.tlog
D:\Pavillon noir\Code\trunk\pavillonnoir\__managers\vcpp10\pneditorcommon\Debug\mt.write.1.tlog
D:\PAVILLON NOIR\CODE\TRUNK\PAVILLONNOIR\__MANAGERS\VCPP10\PNEDITORCOMMON\DEBUG\PNEDITORCOMMON.DLL.EMBED.MANIFEST
D:\PAVILLON NOIR\CODE\TRUNK\PAVILLONNOIR\__MANAGERS\VCPP10\PNEDITORCOMMON\DEBUG\PNEDITORCOMMON.DLL.EMBED.MANIFEST.RES
D:\PAVILLON NOIR\CODE\TRUNK\PAVILLONNOIR\__MANAGERS\VCPP10\PNEDITORCOMMON\DEBUG\PNEDITORCOMMON.DLL.INTERMEDIATE.MANIFEST
D:\Pavillon noir\Code\trunk\pavillonnoir\__managers\vcpp10\pneditorcommon\Debug\pneditorcommon.exp
D:\Pavillon noir\Code\trunk\pavillonnoir\__managers\vcpp10\pneditorcommon\Debug\pneditorcommon.lib
D:\PAVILLON NOIR\CODE\TRUNK\PAVILLONNOIR\__MANAGERS\VCPP10\PNEDITORCOMMON\DEBUG\PNEDITORCOMMON.OBJ
D:\PAVILLON NOIR\CODE\TRUNK\PAVILLONNOIR\__MANAGERS\VCPP10\PNEDITORCOMMON\DEBUG\PNEDITORCOMMON.RES
D:\Pavillon noir\Code\trunk\pavillonnoir\__managers\vcpp10\pneditorcommon\Debug\pneditorcommon.write.1.tlog
D:\Pavillon noir\Code\trunk\pavillonnoir\__managers\vcpp10\pneditorcommon\Debug\pneditorcommon_manifest.rc
D:\PAVILLON NOIR\CODE\TRUNK\PAVILLONNOIR\__MANAGERS\VCPP10\PNEDITORCOMMON\DEBUG\PNFXANIMLISTPARAMETER.OBJ
D:\PAVILLON NOIR\CODE\TRUNK\PAVILLONNOIR\__MANAGERS\VCPP10\PNEDITORCOMMON\DEBUG\PNFXCHECKBUTTONPARAMETER.OBJ
D:\PAVILLON NOIR\CODE\TRUNK\PAVILLONNOIR\__MANAGERS\VCPP10\PNEDITORCOMMON\DEBUG\PNFXDEFAULTPARAMETER.OBJ
D:\PAVILLON NOIR\CODE\TRUNK\PAVILLONNOIR\__MANAGERS\VCPP10\PNEDITORCOMMON\DEBUG\PNFXDIALXYZPARAMETER.OBJ
D:\PAVILLON NOIR\CODE\TRUNK\PAVILLONNOIR\__MANAGERS\VCPP10\PNEDITORCOMMON\DEBUG\PNFXDIRPARAMETER.OBJ
D:\PAVILLON NOIR\CODE\TRUNK\PAVILLONNOIR\__MANAGERS\VCPP10\PNEDITORCOMMON\DEBUG\PNFXEVENTBOXPARAMETER.OBJ
D:\PAVILLON NOIR\CODE\TRUNK\PAVILLONNOIR\__MANAGERS\VCPP10\PNEDITORCOMMON\DEBUG\PNFXFILEPARAMETER.OBJ
D:\PAVILLON NOIR\CODE\TRUNK\PAVILLONNOIR\__MANAGERS\VCPP10\PNEDITORCOMMON\DEBUG\PNFXINTPARAMETER.OBJ
D:\PAVILLON NOIR\CODE\TRUNK\PAVILLONNOIR\__MANAGERS\VCPP10\PNEDITORCOMMON\DEBUG\PNFXLINKSPARAMETER.OBJ
D:\PAVILLON NOIR\CODE\TRUNK\PAVILLONNOIR\__MANAGERS\VCPP10\PNEDITORCOMMON\DEBUG\PNFXLISTPARAMETER.OBJ
D:\PAVILLON NOIR\CODE\TRUNK\PAVILLONNOIR\__MANAGERS\VCPP10\PNEDITORCOMMON\DEBUG\PNFXMATERIALLISTPARAMETER.OBJ
D:\PAVILLON NOIR\CODE\TRUNK\PAVILLONNOIR\__MANAGERS\VCPP10\PNEDITORCOMMON\DEBUG\PNFXREALPARAMETER.OBJ
D:\PAVILLON NOIR\CODE\TRUNK\PAVILLONNOIR\__MANAGERS\VCPP10\PNEDITORCOMMON\DEBUG\PNFXSCRIPTLISTPARAMETER.OBJ
D:\PAVILLON NOIR\CODE\TRUNK\PAVILLONNOIR\__MANAGERS\VCPP10\PNEDITORCOMMON\DEBUG\PNFXSEPARATORPARAMETER.OBJ
D:\PAVILLON NOIR\CODE\TRUNK\PAVILLONNOIR\__MANAGERS\VCPP10\PNEDITORCOMMON\DEBUG\PNFXSTRINGLISTPARAMETER.OBJ
D:\PAVILLON NOIR\CODE\TRUNK\PAVILLONNOIR\__MANAGERS\VCPP10\PNEDITORCOMMON\DEBUG\PNFXSTRINGPARAMETER.OBJ
D:\PAVILLON NOIR\CODE\TRUNK\PAVILLONNOIR\__MANAGERS\VCPP10\PNEDITORCOMMON\DEBUG\PNFXTEXTFIELDPARAMETER.OBJ
D:\PAVILLON NOIR\CODE\TRUNK\PAVILLONNOIR\__MANAGERS\VCPP10\PNEDITORCOMMON\DEBUG\PNFXUINTPARAMETER.OBJ
D:\PAVILLON NOIR\CODE\TRUNK\PAVILLONNOIR\__MANAGERS\VCPP10\PNEDITORCOMMON\DEBUG\PNFXVPPNOBJECTPARAMETER.OBJ
D:\PAVILLON NOIR\CODE\TRUNK\PAVILLONNOIR\__MANAGERS\VCPP10\PNEDITORCOMMON\DEBUG\PNGLCONTEXT.OBJ
D:\PAVILLON NOIR\CODE\TRUNK\PAVILLONNOIR\__MANAGERS\VCPP10\PNEDITORCOMMON\DEBUG\PNPROPERTIESGRID.OBJ
D:\PAVILLON NOIR\CODE\TRUNK\PAVILLONNOIR\__MANAGERS\VCPP10\PNEDITORCOMMON\DEBUG\PNPROPERTIESPOPUP.OBJ
D:\Pavillon noir\Code\trunk\pavillonnoir\__managers\vcpp10\pneditorcommon\Debug\rc.command.1.tlog
D:\Pavillon noir\Code\trunk\pavillonnoir\__managers\vcpp10\pneditorcommon\Debug\rc.read.1.tlog
D:\Pavillon noir\Code\trunk\pavillonnoir\__managers\vcpp10\pneditorcommon\Debug\rc.write.1.tlog
D:\Pavillon noir\Code\trunk\pavillonnoir\__managers\vcpp10\pneditorcommon\Debug\vc100.idb
D:\PAVILLON NOIR\CODE\TRUNK\PAVILLONNOIR\__MANAGERS\VCPP10\PNEDITORCOMMON\DEBUG\VC100.PDB
