La génération a démarré 15.07.2011 14:53:30.
     1>Projet "D:\Pavillon noir\Code\trunk\pavillonnoir\__managers\vcpp10\pneditorcommon\pneditorcommon.vcxproj" sur le nœud 3 (rebuild cible(s)).
     1>_PrepareForClean:
         Suppression du fichier "Release\pneditorcommon.lastbuildstate".
       InitializeBuildStatus:
         Création de "Release\pneditorcommon.unsuccessfulbuild", car "AlwaysCreate" a été spécifié.
       ClCompile:
         c:\Program Files (x86)\Microsoft Visual Studio 10.0\VC\bin\CL.exe /c /I../../../__library/win32/include/fox /I../../../__library/win32/include /I../../../__src/pncommon /I../../../__library/common /Zi /nologo /W3 /WX- /O2 /Oy- /D WIN32 /D NDEBUG /D _WINDOWS /D _USRDLL /D PNEDITORCOMMON_EXPORTS /D FOXDLL /D BOOST_ALL_DYN_LINK /D _WINDLL /D _MBCS /Gm- /EHsc /MD /GS /fp:precise /Zc:wchar_t /Zc:forScope /Fo"Release\\" /Fd"Release\vc100.pdb" /Gd /TP /analyze- /errorReport:prompt ..\..\..\__src\pneditorcommon\pneditorcommon.cpp ..\..\..\__src\pneditorcommon\PNGLContext.cpp ..\..\..\__src\pneditorcommon\PNPropertiesGrid.cpp ..\..\..\__src\pneditorcommon\PNPropertiesPopup.cpp ..\..\..\__src\pneditorcommon\PNFXDefaultParameter.cpp ..\..\..\__src\pneditorcommon\PNFXSeparatorParameter.cpp ..\..\..\__src\pneditorcommon\PNFXAnimListParameter.cpp ..\..\..\__src\pneditorcommon\PNFXMaterialListParameter.cpp ..\..\..\__src\pneditorcommon\PNFXScriptListParameter.cpp ..\..\..\__src\pneditorcommon\PNFXStringListParameter.cpp ..\..\..\__src\pneditorcommon\PNFXVPPNObjectParameter.cpp ..\..\..\__src\pneditorcommon\PNFXListParameter.cpp ..\..\..\__src\pneditorcommon\PNFXCheckButtonParameter.cpp ..\..\..\__src\pneditorcommon\PNFXDialXYZParameter.cpp ..\..\..\__src\pneditorcommon\PNFXDirParameter.cpp ..\..\..\__src\pneditorcommon\PNFXEventBoxParameter.cpp ..\..\..\__src\pneditorcommon\PNFXFileParameter.cpp ..\..\..\__src\pneditorcommon\PNFXIntParameter.cpp ..\..\..\__src\pneditorcommon\PNFXLinksParameter.cpp ..\..\..\__src\pneditorcommon\PNFXRealParameter.cpp ..\..\..\__src\pneditorcommon\PNFXStringParameter.cpp ..\..\..\__src\pneditorcommon\PNFXUIntParameter.cpp ..\..\..\__src\pneditorcommon\PNFXTextFieldParameter.cpp -DBOOST_FILESYSTEM_VERSION=2 
         pneditorcommon.cpp
         PNGLContext.cpp
         PNPropertiesGrid.cpp
         PNPropertiesPopup.cpp
         PNFXDefaultParameter.cpp
         PNFXSeparatorParameter.cpp
         PNFXAnimListParameter.cpp
         PNFXMaterialListParameter.cpp
         PNFXScriptListParameter.cpp
         PNFXStringListParameter.cpp
         PNFXVPPNObjectParameter.cpp
         PNFXListParameter.cpp
         PNFXCheckButtonParameter.cpp
         PNFXDialXYZParameter.cpp
         PNFXDirParameter.cpp
         PNFXEventBoxParameter.cpp
         PNFXFileParameter.cpp
         PNFXIntParameter.cpp
         PNFXLinksParameter.cpp
         PNFXRealParameter.cpp
         Generating Code...
         Compiling...
         PNFXStringParameter.cpp
         PNFXUIntParameter.cpp
         PNFXTextFieldParameter.cpp
         Generating Code...
       ResourceCompile:
         c:\Program Files (x86)\Microsoft SDKs\Windows\v7.0A\bin\rc.exe /l"0x0409" /nologo /fo"Release\pneditorcommon.res" pneditorcommon.rc 
     1>C:\Program Files (x86)\MSBuild\Microsoft.Cpp\v4.0\Microsoft.CppBuild.targets(990,5): warning MSB8012: TargetPath(D:\Pavillon noir\Code\trunk\pavillonnoir\__managers\vcpp10\Release\pneditorcommon.dll) ne correspond pas à la valeur de la propriété OutputFile (D:\Pavillon noir\Code\trunk\pavillonnoir\__binaries\win32\pneditorcommon.dll) de Linker. Cela peut entraîner une génération incorrecte de votre projet. Pour corriger ce problème, vérifiez que les valeurs des propriétés $(OutDir), $(TargetName) et $(TargetExt) correspondent à la valeur spécifiée dans %(Link.OutputFile).
       Link:
         c:\Program Files (x86)\Microsoft Visual Studio 10.0\VC\bin\link.exe /ERRORREPORT:PROMPT /OUT:"../../../__binaries/win32/pneditorcommon.dll" /INCREMENTAL:NO /NOLOGO /LIBPATH:..\..\..\__library\win32\lib opengl32.lib glu32.lib comctl32.lib wsock32.lib ws2_32.lib mpr.lib "FOXDLL-1.6.lib" kernel32.lib user32.lib gdi32.lib winspool.lib comdlg32.lib advapi32.lib shell32.lib ole32.lib oleaut32.lib uuid.lib odbc32.lib odbccp32.lib /MANIFEST /ManifestFile:"Release\pneditorcommon.dll.intermediate.manifest" /MANIFESTUAC:"level='asInvoker' uiAccess='false'" /PDB:"D:\Pavillon noir\Code\trunk\pavillonnoir\__managers\vcpp10\Release\pneditorcommon.pdb" /SUBSYSTEM:WINDOWS /OPT:REF /OPT:ICF /TLBID:1 /DYNAMICBASE /NXCOMPAT /IMPLIB:"Release\pneditorcommon.lib" /MACHINE:X86 /DLL Release\pneditorcommon.res
         Release\pneditorcommon.obj
         Release\PNGLContext.obj
         Release\PNPropertiesGrid.obj
         Release\PNPropertiesPopup.obj
         Release\PNFXDefaultParameter.obj
         Release\PNFXSeparatorParameter.obj
         Release\PNFXAnimListParameter.obj
         Release\PNFXMaterialListParameter.obj
         Release\PNFXScriptListParameter.obj
         Release\PNFXStringListParameter.obj
         Release\PNFXVPPNObjectParameter.obj
         Release\PNFXListParameter.obj
         Release\PNFXCheckButtonParameter.obj
         Release\PNFXDialXYZParameter.obj
         Release\PNFXDirParameter.obj
         Release\PNFXEventBoxParameter.obj
         Release\PNFXFileParameter.obj
         Release\PNFXIntParameter.obj
         Release\PNFXLinksParameter.obj
         Release\PNFXRealParameter.obj
         Release\PNFXStringParameter.obj
         Release\PNFXUIntParameter.obj
         Release\PNFXTextFieldParameter.obj
         "D:\Pavillon noir\Code\trunk\pavillonnoir\__managers\vcpp10\pncommon\Release\pncommon.lib"
            Creating library Release\pneditorcommon.lib and object Release\pneditorcommon.exp
         pneditorcommon.vcxproj -> D:\Pavillon noir\Code\trunk\pavillonnoir\__managers\vcpp10\Release\pneditorcommon.dll
       Manifest:
         c:\Program Files (x86)\Microsoft SDKs\Windows\v7.0A\bin\mt.exe /nologo /verbose /outputresource:"../../../__binaries/win32/pneditorcommon.dll;#2" /manifest Release\pneditorcommon.dll.intermediate.manifest
       FinalizeBuildStatus:
         Suppression du fichier "Release\pneditorcommon.unsuccessfulbuild".
         Mise à jour de l'horodatage "Release\pneditorcommon.lastbuildstate".
     1>Génération du projet "D:\Pavillon noir\Code\trunk\pavillonnoir\__managers\vcpp10\pneditorcommon\pneditorcommon.vcxproj" terminée (rebuild cible(s)).

La génération a réussi.

Temps écoulé 00:00:42.80
