Build started 12.07.2011 09:58:02.
     1>Project "D:\Pavillon noir\Code\trunk\pavillonnoir\__managers\vcpp10\pnimporter\pnimporter.vcxproj" on node 3 (build target(s)).
     1>InitializeBuildStatus:
         Creating "Release\pnimporter.unsuccessfulbuild" because "AlwaysCreate" was specified.
       ClCompile:
         c:\Program Files (x86)\Microsoft Visual Studio 10.0\VC\bin\CL.exe /c /I../../../__src/pncommon /I../../../__library/win32/include /I../../../__library/common/ /Zi /nologo /W3 /WX- /O2 /Oy- /D WIN32 /D NDEBUG /D _WINDOWS /D _USRDLL /D PNIMPORTER_EXPORTS /D BOOST_ALL_DYN_LINK /D _WINDLL /D _MBCS /Gm- /EHsc /MD /GS /fp:precise /Zc:wchar_t /Zc:forScope /Fo"Release\\" /Fd"Release\vc100.pdb" /Gd /TP /analyze- /errorReport:prompt ..\..\..\__src\pnimporter\pndlmain.cpp ..\..\..\__src\pnimporter\PNIImporter.cpp ..\..\..\__src\pnimporter\PNIImporterPlugDesc.cpp ..\..\..\__src\pnimporter\a_parseBody.cpp ..\..\..\__src\pnimporter\a_parseHeader.cpp ..\..\..\__src\pnimporter\PNI3DAnimation.cpp ..\..\..\__src\pnimporter\PNIAnimationBone.cpp ..\..\..\__src\pnimporter\PNIAnimationImporter.cpp ..\..\..\__src\pnimporter\m_parseBody.cpp ..\..\..\__src\pnimporter\m_parseHeader.cpp ..\..\..\__src\pnimporter\PNI3DMesh.cpp ..\..\..\__src\pnimporter\PNI3DModel.cpp ..\..\..\__src\pnimporter\PNIModelImporter.cpp ..\..\..\__src\pnimporter\PNIVertex.cpp ..\..\..\__src\pnimporter\PNI3DMaterial.cpp ..\..\..\__src\pnimporter\PNIMaterialImporter.cpp ..\..\..\__src\pnimporter\PNI3DSkeleton.cpp ..\..\..\__src\pnimporter\PNIBone.cpp ..\..\..\__src\pnimporter\PNISkeletonImporter.cpp ..\..\..\__src\pnimporter\s_parseBody.cpp ..\..\..\__src\pnimporter\s_parseHeader.cpp -DBOOST_FILESYSTEM_VERSION=2 
         pndlmain.cpp
         PNIImporter.cpp
         PNIImporterPlugDesc.cpp
         a_parseBody.cpp
         a_parseHeader.cpp
         PNI3DAnimation.cpp
         PNIAnimationBone.cpp
         PNIAnimationImporter.cpp
         m_parseBody.cpp
         m_parseHeader.cpp
         PNI3DMesh.cpp
         PNI3DModel.cpp
         PNIModelImporter.cpp
         PNIVertex.cpp
         PNI3DMaterial.cpp
         PNIMaterialImporter.cpp
         PNI3DSkeleton.cpp
         PNIBone.cpp
         PNISkeletonImporter.cpp
         s_parseBody.cpp
         Generating Code...
         Compiling...
         s_parseHeader.cpp
         Generating Code...
       ResourceCompile:
         c:\Program Files (x86)\Microsoft SDKs\Windows\v7.0A\bin\rc.exe /l"0x0409" /nologo /fo"Release\pnimporter.res" pnimporter.rc 
     1>C:\Program Files (x86)\MSBuild\Microsoft.Cpp\v4.0\Microsoft.CppBuild.targets(990,5): warning MSB8012: TargetPath(D:\Pavillon noir\Code\trunk\pavillonnoir\__managers\vcpp10\Release\pnimporter.dll) does not match the Linker's OutputFile property value (D:\Pavillon noir\Code\trunk\pavillonnoir\__binaries\win32\plugins\pnimporter.pnp). This may cause your project to build incorrectly. To correct this, please make sure that $(OutDir), $(TargetName) and $(TargetExt) property values match the value specified in %(Link.OutputFile).
     1>C:\Program Files (x86)\MSBuild\Microsoft.Cpp\v4.0\Microsoft.CppBuild.targets(991,5): warning MSB8012: TargetExt(.dll) does not match the Linker's OutputFile property value (.pnp). This may cause your project to build incorrectly. To correct this, please make sure that $(OutDir), $(TargetName) and $(TargetExt) property values match the value specified in %(Link.OutputFile).
       Link:
         c:\Program Files (x86)\Microsoft Visual Studio 10.0\VC\bin\link.exe /ERRORREPORT:PROMPT /OUT:"../../../__binaries/win32/plugins/pnimporter.pnp" /INCREMENTAL:NO /NOLOGO /LIBPATH:..\..\..\__library\win32\lib kernel32.lib user32.lib gdi32.lib winspool.lib comdlg32.lib advapi32.lib shell32.lib ole32.lib oleaut32.lib uuid.lib odbc32.lib odbccp32.lib /MANIFEST /ManifestFile:"Release\pnimporter.dll.intermediate.manifest" /MANIFESTUAC:"level='asInvoker' uiAccess='false'" /PDB:"D:\Pavillon noir\Code\trunk\pavillonnoir\__managers\vcpp10\Release\pnimporter.pdb" /SUBSYSTEM:WINDOWS /OPT:REF /OPT:ICF /TLBID:1 /DYNAMICBASE /NXCOMPAT /IMPLIB:"Release\pnimporter.lib" /MACHINE:X86 /DLL Release\pnimporter.res
         Release\pndlmain.obj
         Release\PNIImporter.obj
         Release\PNIImporterPlugDesc.obj
         Release\a_parseBody.obj
         Release\a_parseHeader.obj
         Release\PNI3DAnimation.obj
         Release\PNIAnimationBone.obj
         Release\PNIAnimationImporter.obj
         Release\m_parseBody.obj
         Release\m_parseHeader.obj
         Release\PNI3DMesh.obj
         Release\PNI3DModel.obj
         Release\PNIModelImporter.obj
         Release\PNIVertex.obj
         Release\PNI3DMaterial.obj
         Release\PNIMaterialImporter.obj
         Release\PNI3DSkeleton.obj
         Release\PNIBone.obj
         Release\PNISkeletonImporter.obj
         Release\s_parseBody.obj
         Release\s_parseHeader.obj
         "D:\Pavillon noir\Code\trunk\pavillonnoir\__managers\vcpp10\pncommon\Release\pncommon.lib"
            Creating library Release\pnimporter.lib and object Release\pnimporter.exp
         pnimporter.vcxproj -> D:\Pavillon noir\Code\trunk\pavillonnoir\__managers\vcpp10\Release\pnimporter.dll
       Manifest:
         c:\Program Files (x86)\Microsoft SDKs\Windows\v7.0A\bin\mt.exe /nologo /verbose /outputresource:"../../../__binaries/win32/plugins/pnimporter.pnp;#2" /manifest Release\pnimporter.dll.intermediate.manifest
       FinalizeBuildStatus:
         Deleting file "Release\pnimporter.unsuccessfulbuild".
         Touching "Release\pnimporter.lastbuildstate".
     1>Done Building Project "D:\Pavillon noir\Code\trunk\pavillonnoir\__managers\vcpp10\pnimporter\pnimporter.vcxproj" (build target(s)).

Build succeeded.

Time Elapsed 00:00:52.65
