La génération a démarré 15.07.2011 14:54:13.
     1>Projet "D:\Pavillon noir\Code\trunk\pavillonnoir\__managers\vcpp10\pneditor\pneditor.vcxproj" sur le nœud 3 (rebuild cible(s)).
     1>_PrepareForClean:
         Suppression du fichier "Release\pneditor.lastbuildstate".
       InitializeBuildStatus:
         Création de "Release\pneditor.unsuccessfulbuild", car "AlwaysCreate" a été spécifié.
       ClCompile:
         c:\Program Files (x86)\Microsoft Visual Studio 10.0\VC\bin\CL.exe /c /I../../../__src/pneditorcommon /I../../../__src/pncommon /I../../../__library/win32/include/fox /I../../../__library/win32/include/ /I../../../__library/common/ /Zi /nologo /W3 /WX- /O2 /Oy- /D WIN32 /D NDEBUG /D _WINDOWS /D HAVE_GL_H /D HAVE_GLU_H /D FOXDLL /D BOOST_ALL_DYN_LINK /D _MBCS /GF- /Gm- /EHsc /MD /GS /Gy- /fp:precise /Zc:wchar_t /Zc:forScope /GR /Fo".\Release/" /Fd".\Release/vc100.pdb" /Gd /TP /analyze- /errorReport:prompt ..\..\..\__src\pneditor\PNEditor.cpp ..\..\..\__src\pneditor\PNEDMapPanel.cpp ..\..\..\__src\pneditor\PNEDSkyBox.cpp ..\..\..\__src\pneditor\PNEDSkyboxPanel.cpp ..\..\..\__src\pneditor\PNGLGroup.cpp ..\..\..\__src\pneditor\PNGLShape.cpp ..\..\..\__src\pneditor\PNGLViewer.cpp ..\..\..\__src\pneditor\PNPropertiesPanel.cpp ..\..\..\__src\pneditor\PNScriptConfigurableObject.cpp ..\..\..\__src\pneditor\PNWaypointObject.cpp -DBOOST_FILESYSTEM_VERSION=2 
         PNEditor.cpp
         PNEDMapPanel.cpp
         PNEDSkyBox.cpp
         PNEDSkyboxPanel.cpp
         PNGLGroup.cpp
         PNGLShape.cpp
         PNGLViewer.cpp
         PNPropertiesPanel.cpp
         PNScriptConfigurableObject.cpp
         PNWaypointObject.cpp
         Generating Code...
       ResourceCompile:
         c:\Program Files (x86)\Microsoft SDKs\Windows\v7.0A\bin\rc.exe /D NDEBUG /l"0x0409" /nologo /fo"Release\ressources.res" ressources.rc 
     1>C:\Program Files (x86)\MSBuild\Microsoft.Cpp\v4.0\Microsoft.CppBuild.targets(990,5): warning MSB8012: TargetPath(D:\Pavillon noir\Code\trunk\pavillonnoir\__managers\vcpp10\Release\pneditor.exe) ne correspond pas à la valeur de la propriété OutputFile (D:\Pavillon noir\Code\trunk\pavillonnoir\__binaries\win32\pneditor.exe) de Linker. Cela peut entraîner une génération incorrecte de votre projet. Pour corriger ce problème, vérifiez que les valeurs des propriétés $(OutDir), $(TargetName) et $(TargetExt) correspondent à la valeur spécifiée dans %(Link.OutputFile).
       Link:
         c:\Program Files (x86)\Microsoft Visual Studio 10.0\VC\bin\link.exe /ERRORREPORT:PROMPT /OUT:"..\..\..\__binaries\win32\pneditor.exe" /INCREMENTAL:NO /NOLOGO /LIBPATH:..\..\..\__library\win32\lib opengl32.lib glu32.lib comctl32.lib wsock32.lib ws2_32.lib mpr.lib "FOXDLL-1.6.lib" libxml2.lib kernel32.lib user32.lib gdi32.lib winspool.lib comdlg32.lib advapi32.lib shell32.lib ole32.lib oleaut32.lib uuid.lib odbc32.lib odbccp32.lib /MANIFEST /ManifestFile:"Release\pneditor.exe.intermediate.manifest" /MANIFESTUAC:"level='asInvoker' uiAccess='false'" /PDB:"D:\Pavillon noir\Code\trunk\pavillonnoir\__managers\vcpp10\Release\pneditor.pdb" /SUBSYSTEM:WINDOWS /TLBID:1 /ENTRY:"mainCRTStartup" /DYNAMICBASE /NXCOMPAT /IMPLIB:"D:\Pavillon noir\Code\trunk\pavillonnoir\__managers\vcpp10\Release\pneditor.lib" /MACHINE:X86 Release\ressources.res
         .\Release/PNEditor.obj
         .\Release/PNEDMapPanel.obj
         .\Release/PNEDSkyBox.obj
         .\Release/PNEDSkyboxPanel.obj
         .\Release/PNGLGroup.obj
         .\Release/PNGLShape.obj
         .\Release/PNGLViewer.obj
         .\Release/PNPropertiesPanel.obj
         .\Release/PNScriptConfigurableObject.obj
         .\Release/PNWaypointObject.obj
         "D:\Pavillon noir\Code\trunk\pavillonnoir\__managers\vcpp10\pncommon\Release\pncommon.lib"
         "D:\Pavillon noir\Code\trunk\pavillonnoir\__managers\vcpp10\pneditorcommon\Release\pneditorcommon.lib"
         "D:\Pavillon noir\Code\trunk\pavillonnoir\__managers\vcpp10\pnexporter\Release\pnexporter.lib"
         pneditor.vcxproj -> D:\Pavillon noir\Code\trunk\pavillonnoir\__managers\vcpp10\Release\pneditor.exe
       Manifest:
         c:\Program Files (x86)\Microsoft SDKs\Windows\v7.0A\bin\mt.exe /nologo /verbose /outputresource:"..\..\..\__binaries\win32\pneditor.exe;#1" /manifest Release\pneditor.exe.intermediate.manifest
       FinalizeBuildStatus:
         Suppression du fichier "Release\pneditor.unsuccessfulbuild".
         Mise à jour de l'horodatage "Release\pneditor.lastbuildstate".
     1>Génération du projet "D:\Pavillon noir\Code\trunk\pavillonnoir\__managers\vcpp10\pneditor\pneditor.vcxproj" terminée (rebuild cible(s)).

La génération a réussi.

Temps écoulé 00:00:25.92
