D:\PAVILLON NOIR\CODE\TRUNK\PAVILLONNOIR\__BINARIES\WIN32\PNEDITOR.EXE
D:\Pavillon noir\Code\trunk\pavillonnoir\__managers\vcpp10\pneditor\Release\cl.command.1.tlog
D:\Pavillon noir\Code\trunk\pavillonnoir\__managers\vcpp10\pneditor\Release\CL.read.1.tlog
D:\Pavillon noir\Code\trunk\pavillonnoir\__managers\vcpp10\pneditor\Release\CL.write.1.tlog
D:\Pavillon noir\Code\trunk\pavillonnoir\__managers\vcpp10\pneditor\Release\link.command.1.tlog
D:\Pavillon noir\Code\trunk\pavillonnoir\__managers\vcpp10\pneditor\Release\link.read.1.tlog
D:\Pavillon noir\Code\trunk\pavillonnoir\__managers\vcpp10\pneditor\Release\link.write.1.tlog
D:\Pavillon noir\Code\trunk\pavillonnoir\__managers\vcpp10\pneditor\Release\link-cvtres.read.1.tlog
D:\Pavillon noir\Code\trunk\pavillonnoir\__managers\vcpp10\pneditor\Release\link-cvtres.write.1.tlog
D:\Pavillon noir\Code\trunk\pavillonnoir\__managers\vcpp10\pneditor\Release\mt.command.1.tlog
D:\Pavillon noir\Code\trunk\pavillonnoir\__managers\vcpp10\pneditor\Release\mt.read.1.tlog
D:\Pavillon noir\Code\trunk\pavillonnoir\__managers\vcpp10\pneditor\Release\mt.write.1.tlog
D:\PAVILLON NOIR\CODE\TRUNK\PAVILLONNOIR\__MANAGERS\VCPP10\PNEDITOR\RELEASE\PNEDITOR.EXE.INTERMEDIATE.MANIFEST
D:\PAVILLON NOIR\CODE\TRUNK\PAVILLONNOIR\__MANAGERS\VCPP10\PNEDITOR\RELEASE\PNEDITOR.OBJ
D:\Pavillon noir\Code\trunk\pavillonnoir\__managers\vcpp10\pneditor\Release\pneditor.write.1.tlog
D:\PAVILLON NOIR\CODE\TRUNK\PAVILLONNOIR\__MANAGERS\VCPP10\PNEDITOR\RELEASE\PNEDMAPPANEL.OBJ
D:\PAVILLON NOIR\CODE\TRUNK\PAVILLONNOIR\__MANAGERS\VCPP10\PNEDITOR\RELEASE\PNEDSKYBOX.OBJ
D:\PAVILLON NOIR\CODE\TRUNK\PAVILLONNOIR\__MANAGERS\VCPP10\PNEDITOR\RELEASE\PNEDSKYBOXPANEL.OBJ
D:\PAVILLON NOIR\CODE\TRUNK\PAVILLONNOIR\__MANAGERS\VCPP10\PNEDITOR\RELEASE\PNGLGROUP.OBJ
D:\PAVILLON NOIR\CODE\TRUNK\PAVILLONNOIR\__MANAGERS\VCPP10\PNEDITOR\RELEASE\PNGLSHAPE.OBJ
D:\PAVILLON NOIR\CODE\TRUNK\PAVILLONNOIR\__MANAGERS\VCPP10\PNEDITOR\RELEASE\PNGLVIEWER.OBJ
D:\PAVILLON NOIR\CODE\TRUNK\PAVILLONNOIR\__MANAGERS\VCPP10\PNEDITOR\RELEASE\PNPROPERTIESPANEL.OBJ
D:\PAVILLON NOIR\CODE\TRUNK\PAVILLONNOIR\__MANAGERS\VCPP10\PNEDITOR\RELEASE\PNSCRIPTCONFIGURABLEOBJECT.OBJ
D:\PAVILLON NOIR\CODE\TRUNK\PAVILLONNOIR\__MANAGERS\VCPP10\PNEDITOR\RELEASE\PNWAYPOINTOBJECT.OBJ
D:\Pavillon noir\Code\trunk\pavillonnoir\__managers\vcpp10\pneditor\Release\rc.command.1.tlog
D:\Pavillon noir\Code\trunk\pavillonnoir\__managers\vcpp10\pneditor\Release\rc.read.1.tlog
D:\Pavillon noir\Code\trunk\pavillonnoir\__managers\vcpp10\pneditor\Release\rc.write.1.tlog
D:\Pavillon noir\Code\trunk\pavillonnoir\__managers\vcpp10\pneditor\Release\ResolveAssemblyReference.cache
D:\PAVILLON NOIR\CODE\TRUNK\PAVILLONNOIR\__MANAGERS\VCPP10\PNEDITOR\RELEASE\RESSOURCES.RES
D:\PAVILLON NOIR\CODE\TRUNK\PAVILLONNOIR\__MANAGERS\VCPP10\PNEDITOR\RELEASE\VC100.PDB
