La génération a démarré 07.07.2011 15:34:38.
     1>Projet "D:\Pavillon noir\Code\trunk\pavillonnoir\__managers\vcpp10\pncore\pncore.vcxproj" sur le nœud 2 (build cible(s)).
     1>InitializeBuildStatus:
         Création de "Debug\pncore.unsuccessfulbuild", car "AlwaysCreate" a été spécifié.
       ClCompile:
         Toutes les sorties sont à jour.
         c:\Program Files (x86)\Microsoft Visual Studio 10.0\VC\bin\CL.exe /c /I../../../__src/pncommon /I../../../__src/pneditorcommon /I../../../__library/win32/include/fox /I../../../__library/win32/include/ /I../../../__library/win32/include/CEGUI /I../../../__library/common/ /Zi /nologo /W3 /WX- /Od /Oy- /D WIN32 /D _DEBUG /D _CONSOLE /D FOXDLL /D BOOST_ALL_DYN_LINK /D _MBCS /Gm /EHsc /RTC1 /MTd /GS /fp:precise /Zc:wchar_t /Zc:forScope /Fo"Debug\\" /Fd"Debug\vc100.pdb" /Gd /TP /analyze- /errorReport:prompt ..\..\..\__src\pncore\main.cpp ..\..\..\__src\pncore\PNChatTree.cpp ..\..\..\__src\pncore\PNFoxMainWindow.cpp ..\..\..\__src\pncore\PNFoxOptionWindow.cpp ..\..\..\__src\pncore\PNGUIChatWindow.cpp ..\..\..\__src\pncore\PNGUIDeath.cpp ..\..\..\__src\pncore\PNGUIEscMenu.cpp ..\..\..\__src\pncore\PNGUIGame.cpp ..\..\..\__src\pncore\PNGUILoadingScreen.cpp ..\..\..\__src\pncore\PNGUIMenuLoad.cpp ..\..\..\__src\pncore\PNGUIMenuRoot.cpp ..\..\..\__src\pncore\PNGUIMsgBox.cpp ..\..\..\__src\pncore\PNGUIStateManager.cpp ..\..\..\__src\pncore\PNGUIWin.cpp ..\..\..\__src\pncore\PNLoadPlugins.cpp -DBOOST_FILESYSTEM_VERSION=2 
         PNLoadPlugins.cpp
     1>D:\Pavillon noir\Code\trunk\pavillonnoir\__library\win32\include\boost/config/auto_link.hpp(349): fatal error C1189: #error :  "Mixing a dll boost library with a static runtime is a really bad idea..."
         PNGUIWin.cpp
     1>D:\Pavillon noir\Code\trunk\pavillonnoir\__library\win32\include\boost/config/auto_link.hpp(349): fatal error C1189: #error :  "Mixing a dll boost library with a static runtime is a really bad idea..."
         PNGUIStateManager.cpp
     1>D:\Pavillon noir\Code\trunk\pavillonnoir\__library\win32\include\boost/config/auto_link.hpp(349): fatal error C1189: #error :  "Mixing a dll boost library with a static runtime is a really bad idea..."
         PNGUIMsgBox.cpp
         PNGUIMenuRoot.cpp
     1>D:\Pavillon noir\Code\trunk\pavillonnoir\__library\win32\include\boost/config/auto_link.hpp(349): fatal error C1189: #error :  "Mixing a dll boost library with a static runtime is a really bad idea..."
         PNGUIMenuLoad.cpp
     1>D:\Pavillon noir\Code\trunk\pavillonnoir\__library\win32\include\boost/config/auto_link.hpp(349): fatal error C1189: #error :  "Mixing a dll boost library with a static runtime is a really bad idea..."
         PNGUILoadingScreen.cpp
     1>D:\Pavillon noir\Code\trunk\pavillonnoir\__library\win32\include\boost/config/auto_link.hpp(349): fatal error C1189: #error :  "Mixing a dll boost library with a static runtime is a really bad idea..."
         PNGUIGame.cpp
     1>D:\Pavillon noir\Code\trunk\pavillonnoir\__library\win32\include\boost/config/auto_link.hpp(349): fatal error C1189: #error :  "Mixing a dll boost library with a static runtime is a really bad idea..."
         PNGUIEscMenu.cpp
     1>D:\Pavillon noir\Code\trunk\pavillonnoir\__library\win32\include\boost/config/auto_link.hpp(349): fatal error C1189: #error :  "Mixing a dll boost library with a static runtime is a really bad idea..."
         PNGUIDeath.cpp
     1>D:\Pavillon noir\Code\trunk\pavillonnoir\__library\win32\include\boost/config/auto_link.hpp(349): fatal error C1189: #error :  "Mixing a dll boost library with a static runtime is a really bad idea..."
         PNGUIChatWindow.cpp
     1>D:\Pavillon noir\Code\trunk\pavillonnoir\__library\win32\include\boost/config/auto_link.hpp(349): fatal error C1189: #error :  "Mixing a dll boost library with a static runtime is a really bad idea..."
         PNFoxOptionWindow.cpp
     1>D:\Pavillon noir\Code\trunk\pavillonnoir\__library\win32\include\boost/config/auto_link.hpp(349): fatal error C1189: #error :  "Mixing a dll boost library with a static runtime is a really bad idea..."
         PNFoxMainWindow.cpp
     1>D:\Pavillon noir\Code\trunk\pavillonnoir\__library\win32\include\boost/config/auto_link.hpp(349): fatal error C1189: #error :  "Mixing a dll boost library with a static runtime is a really bad idea..."
         PNChatTree.cpp
     1>D:\Pavillon noir\Code\trunk\pavillonnoir\__library\win32\include\boost/config/auto_link.hpp(349): fatal error C1189: #error :  "Mixing a dll boost library with a static runtime is a really bad idea..."
         main.cpp
     1>D:\Pavillon noir\Code\trunk\pavillonnoir\__library\win32\include\boost/config/auto_link.hpp(349): fatal error C1189: #error :  "Mixing a dll boost library with a static runtime is a really bad idea..."
         Generating Code...
     1>Génération du projet "D:\Pavillon noir\Code\trunk\pavillonnoir\__managers\vcpp10\pncore\pncore.vcxproj" terminée (build cible(s)) -- ÉCHEC.

ÉCHEC de la build.

Temps écoulé 00:00:10.19
