Build started 12.07.2011 09:57:28.
     1>Project "D:\Pavillon noir\Code\trunk\pavillonnoir\__managers\vcpp10\pnopal\pnopal.vcxproj" on node 5 (build target(s)).
     1>InitializeBuildStatus:
         Creating "Release\pnopal.unsuccessfulbuild" because "AlwaysCreate" was specified.
       ClCompile:
         c:\Program Files (x86)\Microsoft Visual Studio 10.0\VC\bin\CL.exe /c /I../../../__src/pncommon /I../../../__library/win32/include /I../../../__library/common/ /Zi /nologo /W3 /WX- /O2 /Oy- /D WIN32 /D NDEBUG /D _WINDOWS /D _USRDLL /D PNOPAL_EXPORTS /D BOOST_ALL_DYN_LINK /D _WINDLL /D _MBCS /Gm- /EHsc /MD /GS /fp:precise /Zc:wchar_t /Zc:forScope /Fo"Release\\" /Fd"Release\vc100.pdb" /Gd /TP /analyze- /errorReport:prompt ..\..\..\__src\pnopal\pndlmain.cpp ..\..\..\__src\pnopal\PNOpal.cpp ..\..\..\__src\pnopal\PNOpalEvents.cpp ..\..\..\__src\pnopal\PNOpalImporter.cpp ..\..\..\__src\pnopal\PNOpalMeshImporter.cpp ..\..\..\__src\pnopal\PNOpalObject.cpp ..\..\..\__src\pnopal\PNOpalPlugDesc.cpp -DBOOST_FILESYSTEM_VERSION=2 
         pndlmain.cpp
         PNOpal.cpp
         PNOpalEvents.cpp
         PNOpalImporter.cpp
         PNOpalMeshImporter.cpp
         PNOpalObject.cpp
         PNOpalPlugDesc.cpp
         Generating Code...
       ResourceCompile:
         c:\Program Files (x86)\Microsoft SDKs\Windows\v7.0A\bin\rc.exe /l"0x0409" /nologo /fo"Release\pnopal.res" pnopal.rc 
     1>C:\Program Files (x86)\MSBuild\Microsoft.Cpp\v4.0\Microsoft.CppBuild.targets(990,5): warning MSB8012: TargetPath(D:\Pavillon noir\Code\trunk\pavillonnoir\__managers\vcpp10\Release\pnopal.dll) does not match the Linker's OutputFile property value (D:\Pavillon noir\Code\trunk\pavillonnoir\__binaries\win32\plugins\pnopal.pnp). This may cause your project to build incorrectly. To correct this, please make sure that $(OutDir), $(TargetName) and $(TargetExt) property values match the value specified in %(Link.OutputFile).
     1>C:\Program Files (x86)\MSBuild\Microsoft.Cpp\v4.0\Microsoft.CppBuild.targets(991,5): warning MSB8012: TargetExt(.dll) does not match the Linker's OutputFile property value (.pnp). This may cause your project to build incorrectly. To correct this, please make sure that $(OutDir), $(TargetName) and $(TargetExt) property values match the value specified in %(Link.OutputFile).
       Link:
         c:\Program Files (x86)\Microsoft Visual Studio 10.0\VC\bin\link.exe /ERRORREPORT:PROMPT /OUT:"../../../__binaries/win32/plugins/pnopal.pnp" /INCREMENTAL:NO /NOLOGO /LIBPATH:..\..\..\__library\win32\lib "opal-ode.lib" libxml2.lib kernel32.lib user32.lib gdi32.lib winspool.lib comdlg32.lib advapi32.lib shell32.lib ole32.lib oleaut32.lib uuid.lib odbc32.lib odbccp32.lib /MANIFEST /ManifestFile:"Release\pnopal.dll.intermediate.manifest" /MANIFESTUAC:"level='asInvoker' uiAccess='false'" /PDB:"D:\Pavillon noir\Code\trunk\pavillonnoir\__managers\vcpp10\Release\pnopal.pdb" /SUBSYSTEM:WINDOWS /OPT:REF /OPT:ICF /TLBID:1 /DYNAMICBASE /NXCOMPAT /IMPLIB:"Release\pnopal.lib" /MACHINE:X86 /DLL Release\pnopal.res
         Release\pndlmain.obj
         Release\PNOpal.obj
         Release\PNOpalEvents.obj
         Release\PNOpalImporter.obj
         Release\PNOpalMeshImporter.obj
         Release\PNOpalObject.obj
         Release\PNOpalPlugDesc.obj
         "D:\Pavillon noir\Code\trunk\pavillonnoir\__managers\vcpp10\pncommon\Release\pncommon.lib"
            Creating library Release\pnopal.lib and object Release\pnopal.exp
         pnopal.vcxproj -> D:\Pavillon noir\Code\trunk\pavillonnoir\__managers\vcpp10\Release\pnopal.dll
       Manifest:
         c:\Program Files (x86)\Microsoft SDKs\Windows\v7.0A\bin\mt.exe /nologo /verbose /outputresource:"../../../__binaries/win32/plugins/pnopal.pnp;#2" /manifest Release\pnopal.dll.intermediate.manifest
       FinalizeBuildStatus:
         Deleting file "Release\pnopal.unsuccessfulbuild".
         Touching "Release\pnopal.lastbuildstate".
     1>Done Building Project "D:\Pavillon noir\Code\trunk\pavillonnoir\__managers\vcpp10\pnopal\pnopal.vcxproj" (build target(s)).

Build succeeded.

Time Elapsed 00:01:43.97
