D:\PAVILLON NOIR\CODE\TRUNK\PAVILLONNOIR\__BINARIES\WIN32\PNEDITORCOMMON.DLL
D:\Pavillon noir\Code\trunk\pavillonnoir\__managers\vcpp10\pneditorcommon\Release\cl.command.1.tlog
D:\Pavillon noir\Code\trunk\pavillonnoir\__managers\vcpp10\pneditorcommon\Release\CL.read.1.tlog
D:\Pavillon noir\Code\trunk\pavillonnoir\__managers\vcpp10\pneditorcommon\Release\CL.write.1.tlog
D:\Pavillon noir\Code\trunk\pavillonnoir\__managers\vcpp10\pneditorcommon\Release\link.command.1.tlog
D:\Pavillon noir\Code\trunk\pavillonnoir\__managers\vcpp10\pneditorcommon\Release\link.read.1.tlog
D:\Pavillon noir\Code\trunk\pavillonnoir\__managers\vcpp10\pneditorcommon\Release\link.write.1.tlog
D:\Pavillon noir\Code\trunk\pavillonnoir\__managers\vcpp10\pneditorcommon\Release\link-cvtres.read.1.tlog
D:\Pavillon noir\Code\trunk\pavillonnoir\__managers\vcpp10\pneditorcommon\Release\link-cvtres.write.1.tlog
D:\Pavillon noir\Code\trunk\pavillonnoir\__managers\vcpp10\pneditorcommon\Release\mt.command.1.tlog
D:\Pavillon noir\Code\trunk\pavillonnoir\__managers\vcpp10\pneditorcommon\Release\mt.read.1.tlog
D:\Pavillon noir\Code\trunk\pavillonnoir\__managers\vcpp10\pneditorcommon\Release\mt.write.1.tlog
D:\PAVILLON NOIR\CODE\TRUNK\PAVILLONNOIR\__MANAGERS\VCPP10\PNEDITORCOMMON\RELEASE\PNEDITORCOMMON.DLL.INTERMEDIATE.MANIFEST
D:\Pavillon noir\Code\trunk\pavillonnoir\__managers\vcpp10\pneditorcommon\Release\pneditorcommon.exp
D:\Pavillon noir\Code\trunk\pavillonnoir\__managers\vcpp10\pneditorcommon\Release\pneditorcommon.lib
D:\PAVILLON NOIR\CODE\TRUNK\PAVILLONNOIR\__MANAGERS\VCPP10\PNEDITORCOMMON\RELEASE\PNEDITORCOMMON.OBJ
D:\PAVILLON NOIR\CODE\TRUNK\PAVILLONNOIR\__MANAGERS\VCPP10\PNEDITORCOMMON\RELEASE\PNEDITORCOMMON.RES
D:\Pavillon noir\Code\trunk\pavillonnoir\__managers\vcpp10\pneditorcommon\Release\pneditorcommon.write.1.tlog
D:\PAVILLON NOIR\CODE\TRUNK\PAVILLONNOIR\__MANAGERS\VCPP10\PNEDITORCOMMON\RELEASE\PNFXANIMLISTPARAMETER.OBJ
D:\PAVILLON NOIR\CODE\TRUNK\PAVILLONNOIR\__MANAGERS\VCPP10\PNEDITORCOMMON\RELEASE\PNFXCHECKBUTTONPARAMETER.OBJ
D:\PAVILLON NOIR\CODE\TRUNK\PAVILLONNOIR\__MANAGERS\VCPP10\PNEDITORCOMMON\RELEASE\PNFXDEFAULTPARAMETER.OBJ
D:\PAVILLON NOIR\CODE\TRUNK\PAVILLONNOIR\__MANAGERS\VCPP10\PNEDITORCOMMON\RELEASE\PNFXDIALXYZPARAMETER.OBJ
D:\PAVILLON NOIR\CODE\TRUNK\PAVILLONNOIR\__MANAGERS\VCPP10\PNEDITORCOMMON\RELEASE\PNFXDIRPARAMETER.OBJ
D:\PAVILLON NOIR\CODE\TRUNK\PAVILLONNOIR\__MANAGERS\VCPP10\PNEDITORCOMMON\RELEASE\PNFXEVENTBOXPARAMETER.OBJ
D:\PAVILLON NOIR\CODE\TRUNK\PAVILLONNOIR\__MANAGERS\VCPP10\PNEDITORCOMMON\RELEASE\PNFXFILEPARAMETER.OBJ
D:\PAVILLON NOIR\CODE\TRUNK\PAVILLONNOIR\__MANAGERS\VCPP10\PNEDITORCOMMON\RELEASE\PNFXINTPARAMETER.OBJ
D:\PAVILLON NOIR\CODE\TRUNK\PAVILLONNOIR\__MANAGERS\VCPP10\PNEDITORCOMMON\RELEASE\PNFXLINKSPARAMETER.OBJ
D:\PAVILLON NOIR\CODE\TRUNK\PAVILLONNOIR\__MANAGERS\VCPP10\PNEDITORCOMMON\RELEASE\PNFXLISTPARAMETER.OBJ
D:\PAVILLON NOIR\CODE\TRUNK\PAVILLONNOIR\__MANAGERS\VCPP10\PNEDITORCOMMON\RELEASE\PNFXMATERIALLISTPARAMETER.OBJ
D:\PAVILLON NOIR\CODE\TRUNK\PAVILLONNOIR\__MANAGERS\VCPP10\PNEDITORCOMMON\RELEASE\PNFXREALPARAMETER.OBJ
D:\PAVILLON NOIR\CODE\TRUNK\PAVILLONNOIR\__MANAGERS\VCPP10\PNEDITORCOMMON\RELEASE\PNFXSCRIPTLISTPARAMETER.OBJ
D:\PAVILLON NOIR\CODE\TRUNK\PAVILLONNOIR\__MANAGERS\VCPP10\PNEDITORCOMMON\RELEASE\PNFXSEPARATORPARAMETER.OBJ
D:\PAVILLON NOIR\CODE\TRUNK\PAVILLONNOIR\__MANAGERS\VCPP10\PNEDITORCOMMON\RELEASE\PNFXSTRINGLISTPARAMETER.OBJ
D:\PAVILLON NOIR\CODE\TRUNK\PAVILLONNOIR\__MANAGERS\VCPP10\PNEDITORCOMMON\RELEASE\PNFXSTRINGPARAMETER.OBJ
D:\PAVILLON NOIR\CODE\TRUNK\PAVILLONNOIR\__MANAGERS\VCPP10\PNEDITORCOMMON\RELEASE\PNFXTEXTFIELDPARAMETER.OBJ
D:\PAVILLON NOIR\CODE\TRUNK\PAVILLONNOIR\__MANAGERS\VCPP10\PNEDITORCOMMON\RELEASE\PNFXUINTPARAMETER.OBJ
D:\PAVILLON NOIR\CODE\TRUNK\PAVILLONNOIR\__MANAGERS\VCPP10\PNEDITORCOMMON\RELEASE\PNFXVPPNOBJECTPARAMETER.OBJ
D:\PAVILLON NOIR\CODE\TRUNK\PAVILLONNOIR\__MANAGERS\VCPP10\PNEDITORCOMMON\RELEASE\PNGLCONTEXT.OBJ
D:\PAVILLON NOIR\CODE\TRUNK\PAVILLONNOIR\__MANAGERS\VCPP10\PNEDITORCOMMON\RELEASE\PNPROPERTIESGRID.OBJ
D:\PAVILLON NOIR\CODE\TRUNK\PAVILLONNOIR\__MANAGERS\VCPP10\PNEDITORCOMMON\RELEASE\PNPROPERTIESPOPUP.OBJ
D:\Pavillon noir\Code\trunk\pavillonnoir\__managers\vcpp10\pneditorcommon\Release\rc.command.1.tlog
D:\Pavillon noir\Code\trunk\pavillonnoir\__managers\vcpp10\pneditorcommon\Release\rc.read.1.tlog
D:\Pavillon noir\Code\trunk\pavillonnoir\__managers\vcpp10\pneditorcommon\Release\rc.write.1.tlog
D:\PAVILLON NOIR\CODE\TRUNK\PAVILLONNOIR\__MANAGERS\VCPP10\PNEDITORCOMMON\RELEASE\VC100.PDB
