La génération a démarré 15.07.2011 14:51:54.
     1>Projet "D:\Pavillon noir\Code\trunk\pavillonnoir\__managers\vcpp10\pncommon\pncommon.vcxproj" sur le nœud 2 (rebuild cible(s)).
     1>_PrepareForClean:
         Suppression du fichier "Release\pncommon.lastbuildstate".
       InitializeBuildStatus:
         Création de "Release\pncommon.unsuccessfulbuild", car "AlwaysCreate" a été spécifié.
       ClCompile:
         c:\Program Files (x86)\Microsoft Visual Studio 10.0\VC\bin\CL.exe /c /I../../../__library/win32/include/ /I../../../__library/common/ /Zi /nologo /W3 /WX- /O2 /Oy- /D WIN32 /D NDEBUG /D _WINDOWS /D _USRDLL /D PNCOMMON_EXPORTS /D BOOST_ALL_DYN_LINK /D _WINDLL /D _MBCS /Gm- /EHsc /MD /GS /fp:precise /Zc:wchar_t /Zc:forScope /Fo"Release\\" /Fd"Release\vc100.pdb" /Gd /TP /analyze- /errorReport:prompt ..\..\..\__src\pncommon\PNCallBackList.cpp ..\..\..\__src\pncommon\PNEventManager.cpp ..\..\..\__src\pncommon\PNLockableObject.cpp ..\..\..\__src\pncommon\PNObject.cpp ..\..\..\__src\pncommon\PN3DGround.cpp ..\..\..\__src\pncommon\PN3DObject.cpp ..\..\..\__src\pncommon\PN3DSkeletonAnimation.cpp ..\..\..\__src\pncommon\PN3DSkeletonObject.cpp ..\..\..\__src\pncommon\PNWorldCollision.cpp ..\..\..\__src\pncommon\IPNAnimated.cpp ..\..\..\__src\pncommon\PNBoundingBox.cpp ..\..\..\__src\pncommon\PNBoundingSphere.cpp ..\..\..\__src\pncommon\PNFace.cpp ..\..\..\__src\pncommon\PNCharacter.cpp ..\..\..\__src\pncommon\PNIAGraph.cpp ..\..\..\__src\pncommon\PNPathFinding.cpp ..\..\..\__src\pncommon\PNWayPoint.cpp ..\..\..\__src\pncommon\PNWPModel.cpp ..\..\..\__src\pncommon\PNDie.cpp ..\..\..\__src\pncommon\PNGameInterface.cpp ..\..\..\__src\pncommon\PNGameMap.cpp ..\..\..\__src\pncommon\PNSoundInterface.cpp ..\..\..\__src\pncommon\PNInterface.cpp ..\..\..\__src\pncommon\PNPlugin.cpp ..\..\..\__src\pncommon\PNPluginManager.cpp ..\..\..\__src\pncommon\PNConsole.cpp ..\..\..\__src\pncommon\PNPhysicsInterface.cpp ..\..\..\__src\pncommon\PNConfigurableObject.cpp ..\..\..\__src\pncommon\PNConfigurableParameter.cpp ..\..\..\__src\pncommon\PNConfigurableParameterList.cpp ..\..\..\__src\pncommon\PNPropertiesGridParameter.cpp ..\..\..\__src\pncommon\PNPropertiesGridParameterList.cpp ..\..\..\__src\pncommon\PNBoolParameter.cpp ..\..\..\__src\pncommon\PNFloatParameter.cpp ..\..\..\__src\pncommon\PNIntParameter.cpp ..\..\..\__src\pncommon\PNStringParameter.cpp ..\..\..\__src\pncommon\PNUIntParameter.cpp ..\..\..\__src\pncommon\PNImportInterface.cpp ..\..\..\__src\pncommon\PNImportManager.cpp ..\..\..\__src\pncommon\PNExportInterface.cpp ..\..\..\__src\pncommon\PNExportManager.cpp ..\..\..\__src\pncommon\PN3DCamera.cpp ..\..\..\__src\pncommon\PN3DCameraModel.cpp ..\..\..\__src\pncommon\PNRendererInterface.cpp ..\..\..\__src\pncommon\PNConf.cpp ..\..\..\__src\pncommon\pnerror.cpp ..\..\..\__src\pncommon\PNException.cpp ..\..\..\__src\pncommon\PNLine.cpp ..\..\..\__src\pncommon\PNMatrix4f.cpp ..\..\..\__src\pncommon\PNMatrixTR4f.cpp ..\..\..\__src\pncommon\PNNormal3f.cpp ..\..\..\__src\pncommon\PNPlane.cpp ..\..\..\__src\pncommon\PNPoint2f.cpp ..\..\..\__src\pncommon\PNPoint3f.cpp ..\..\..\__src\pncommon\PNQuatf.cpp ..\..\..\__src\pncommon\PNTriangle.cpp ..\..\..\__src\pncommon\PNVector3f.cpp ..\..\..\__src\pncommon\IPNSerializable.cpp ..\..\..\__src\pncommon\IPNXMLSerializable.cpp ..\..\..\__src\pncommon\PNConfPanel.cpp ..\..\..\__src\pncommon\IPNLoadingProgess.cpp ..\..\..\__src\pncommon\PNI18n.cpp ..\..\..\__src\pncommon\PNLocale.cpp ..\..\..\__src\pncommon\PNResourcesManager.cpp -DBOOST_FILESYSTEM_VERSION=2 
         PNCallBackList.cpp
         PNEventManager.cpp
         PNLockableObject.cpp
         PNObject.cpp
         PN3DGround.cpp
         PN3DObject.cpp
         PN3DSkeletonAnimation.cpp
         PN3DSkeletonObject.cpp
         PNWorldCollision.cpp
         IPNAnimated.cpp
         PNBoundingBox.cpp
         PNBoundingSphere.cpp
         PNFace.cpp
         PNCharacter.cpp
         PNIAGraph.cpp
         PNPathFinding.cpp
         PNWayPoint.cpp
         PNWPModel.cpp
         PNDie.cpp
         PNGameInterface.cpp
         Generating Code...
         Compiling...
         PNGameMap.cpp
         PNSoundInterface.cpp
         PNInterface.cpp
         PNPlugin.cpp
         PNPluginManager.cpp
         PNConsole.cpp
         PNPhysicsInterface.cpp
         PNConfigurableObject.cpp
         PNConfigurableParameter.cpp
         PNConfigurableParameterList.cpp
         PNPropertiesGridParameter.cpp
         PNPropertiesGridParameterList.cpp
         PNBoolParameter.cpp
         PNFloatParameter.cpp
         PNIntParameter.cpp
         PNStringParameter.cpp
         PNUIntParameter.cpp
         PNImportInterface.cpp
         PNImportManager.cpp
         PNExportInterface.cpp
         Generating Code...
         Compiling...
         PNExportManager.cpp
         PN3DCamera.cpp
         PN3DCameraModel.cpp
         PNRendererInterface.cpp
         PNConf.cpp
         pnerror.cpp
         PNException.cpp
         PNLine.cpp
         PNMatrix4f.cpp
         PNMatrixTR4f.cpp
         PNNormal3f.cpp
         PNPlane.cpp
         PNPoint2f.cpp
         PNPoint3f.cpp
         PNQuatf.cpp
         PNTriangle.cpp
         PNVector3f.cpp
         IPNSerializable.cpp
         IPNXMLSerializable.cpp
         PNConfPanel.cpp
         Generating Code...
         Compiling...
         IPNLoadingProgess.cpp
         PNI18n.cpp
         PNLocale.cpp
         PNResourcesManager.cpp
         Generating Code...
       ResourceCompile:
         c:\Program Files (x86)\Microsoft SDKs\Windows\v7.0A\bin\rc.exe /l"0x0409" /nologo /fo"Release\pncommon.res" pncommon.rc 
     1>C:\Program Files (x86)\MSBuild\Microsoft.Cpp\v4.0\Microsoft.CppBuild.targets(990,5): warning MSB8012: TargetPath(D:\Pavillon noir\Code\trunk\pavillonnoir\__managers\vcpp10\Release\pncommon.dll) ne correspond pas à la valeur de la propriété OutputFile (D:\Pavillon noir\Code\trunk\pavillonnoir\__binaries\win32\pncommon.dll) de Linker. Cela peut entraîner une génération incorrecte de votre projet. Pour corriger ce problème, vérifiez que les valeurs des propriétés $(OutDir), $(TargetName) et $(TargetExt) correspondent à la valeur spécifiée dans %(Link.OutputFile).
       Link:
         c:\Program Files (x86)\Microsoft Visual Studio 10.0\VC\bin\link.exe /ERRORREPORT:PROMPT /OUT:"../../../__binaries/win32/pncommon.dll" /INCREMENTAL:NO /NOLOGO /LIBPATH:..\..\..\__library\win32\lib libxml2.lib kernel32.lib user32.lib gdi32.lib winspool.lib comdlg32.lib advapi32.lib shell32.lib ole32.lib oleaut32.lib uuid.lib odbc32.lib odbccp32.lib /MANIFEST /ManifestFile:"Release\pncommon.dll.intermediate.manifest" /MANIFESTUAC:"level='asInvoker' uiAccess='false'" /PDB:"D:\Pavillon noir\Code\trunk\pavillonnoir\__managers\vcpp10\Release\pncommon.pdb" /SUBSYSTEM:WINDOWS /OPT:REF /OPT:ICF /TLBID:1 /DYNAMICBASE /NXCOMPAT /IMPLIB:"Release\pncommon.lib" /MACHINE:X86 /DLL Release\pncommon.res
         Release\PNCallBackList.obj
         Release\PNEventManager.obj
         Release\PNLockableObject.obj
         Release\PNObject.obj
         Release\PN3DGround.obj
         Release\PN3DObject.obj
         Release\PN3DSkeletonAnimation.obj
         Release\PN3DSkeletonObject.obj
         Release\PNWorldCollision.obj
         Release\IPNAnimated.obj
         Release\PNBoundingBox.obj
         Release\PNBoundingSphere.obj
         Release\PNFace.obj
         Release\PNCharacter.obj
         Release\PNIAGraph.obj
         Release\PNPathFinding.obj
         Release\PNWayPoint.obj
         Release\PNWPModel.obj
         Release\PNDie.obj
         Release\PNGameInterface.obj
         Release\PNGameMap.obj
         Release\PNSoundInterface.obj
         Release\PNInterface.obj
         Release\PNPlugin.obj
         Release\PNPluginManager.obj
         Release\PNConsole.obj
         Release\PNPhysicsInterface.obj
         Release\PNConfigurableObject.obj
         Release\PNConfigurableParameter.obj
         Release\PNConfigurableParameterList.obj
         Release\PNPropertiesGridParameter.obj
         Release\PNPropertiesGridParameterList.obj
         Release\PNBoolParameter.obj
         Release\PNFloatParameter.obj
         Release\PNIntParameter.obj
         Release\PNStringParameter.obj
         Release\PNUIntParameter.obj
         Release\PNImportInterface.obj
         Release\PNImportManager.obj
         Release\PNExportInterface.obj
         Release\PNExportManager.obj
         Release\PN3DCamera.obj
         Release\PN3DCameraModel.obj
         Release\PNRendererInterface.obj
         Release\PNConf.obj
         Release\pnerror.obj
         Release\PNException.obj
         Release\PNLine.obj
         Release\PNMatrix4f.obj
         Release\PNMatrixTR4f.obj
         Release\PNNormal3f.obj
         Release\PNPlane.obj
         Release\PNPoint2f.obj
         Release\PNPoint3f.obj
         Release\PNQuatf.obj
         Release\PNTriangle.obj
         Release\PNVector3f.obj
         Release\IPNSerializable.obj
         Release\IPNXMLSerializable.obj
         Release\PNConfPanel.obj
         Release\IPNLoadingProgess.obj
         Release\PNI18n.obj
         Release\PNLocale.obj
         Release\PNResourcesManager.obj
            Creating library Release\pncommon.lib and object Release\pncommon.exp
         pncommon.vcxproj -> D:\Pavillon noir\Code\trunk\pavillonnoir\__managers\vcpp10\Release\pncommon.dll
       Manifest:
         c:\Program Files (x86)\Microsoft SDKs\Windows\v7.0A\bin\mt.exe /nologo /verbose /outputresource:"../../../__binaries/win32/pncommon.dll;#2" /manifest Release\pncommon.dll.intermediate.manifest
       FinalizeBuildStatus:
         Suppression du fichier "Release\pncommon.unsuccessfulbuild".
         Mise à jour de l'horodatage "Release\pncommon.lastbuildstate".
     1>Génération du projet "D:\Pavillon noir\Code\trunk\pavillonnoir\__managers\vcpp10\pncommon\pncommon.vcxproj" terminée (rebuild cible(s)).

La génération a réussi.

Temps écoulé 00:01:36.30
