D:\PAVILLON NOIR\CODE\TRUNK\PAVILLONNOIR\__BINARIES\WIN32\PLUGINS\PNGLRENDERER.PNP
D:\Pavillon noir\Code\trunk\pavillonnoir\__managers\vcpp10\pnglrenderer\Release\cl.command.1.tlog
D:\Pavillon noir\Code\trunk\pavillonnoir\__managers\vcpp10\pnglrenderer\Release\CL.read.1.tlog
D:\Pavillon noir\Code\trunk\pavillonnoir\__managers\vcpp10\pnglrenderer\Release\CL.write.1.tlog
D:\Pavillon noir\Code\trunk\pavillonnoir\__managers\vcpp10\pnglrenderer\Release\link.command.1.tlog
D:\Pavillon noir\Code\trunk\pavillonnoir\__managers\vcpp10\pnglrenderer\Release\link.read.1.tlog
D:\Pavillon noir\Code\trunk\pavillonnoir\__managers\vcpp10\pnglrenderer\Release\link.write.1.tlog
D:\Pavillon noir\Code\trunk\pavillonnoir\__managers\vcpp10\pnglrenderer\Release\link-cvtres.read.1.tlog
D:\Pavillon noir\Code\trunk\pavillonnoir\__managers\vcpp10\pnglrenderer\Release\link-cvtres.write.1.tlog
D:\Pavillon noir\Code\trunk\pavillonnoir\__managers\vcpp10\pnglrenderer\Release\mt.command.1.tlog
D:\Pavillon noir\Code\trunk\pavillonnoir\__managers\vcpp10\pnglrenderer\Release\mt.read.1.tlog
D:\Pavillon noir\Code\trunk\pavillonnoir\__managers\vcpp10\pnglrenderer\Release\mt.write.1.tlog
D:\PAVILLON NOIR\CODE\TRUNK\PAVILLONNOIR\__MANAGERS\VCPP10\PNGLRENDERER\RELEASE\PNDLMAIN.OBJ
D:\PAVILLON NOIR\CODE\TRUNK\PAVILLONNOIR\__MANAGERS\VCPP10\PNGLRENDERER\RELEASE\PNGLMATERIAL.OBJ
D:\PAVILLON NOIR\CODE\TRUNK\PAVILLONNOIR\__MANAGERS\VCPP10\PNGLRENDERER\RELEASE\PNGLRENDERER.DLL.INTERMEDIATE.MANIFEST
D:\Pavillon noir\Code\trunk\pavillonnoir\__managers\vcpp10\pnglrenderer\Release\pnglrenderer.exp
D:\Pavillon noir\Code\trunk\pavillonnoir\__managers\vcpp10\pnglrenderer\Release\pnglrenderer.lib
D:\PAVILLON NOIR\CODE\TRUNK\PAVILLONNOIR\__MANAGERS\VCPP10\PNGLRENDERER\RELEASE\PNGLRENDERER.OBJ
D:\PAVILLON NOIR\CODE\TRUNK\PAVILLONNOIR\__MANAGERS\VCPP10\PNGLRENDERER\RELEASE\PNGLRENDERER.RES
D:\Pavillon noir\Code\trunk\pavillonnoir\__managers\vcpp10\pnglrenderer\Release\pnglrenderer.write.1.tlog
D:\PAVILLON NOIR\CODE\TRUNK\PAVILLONNOIR\__MANAGERS\VCPP10\PNGLRENDERER\RELEASE\PNGLRENDERERCAMERA.OBJ
D:\PAVILLON NOIR\CODE\TRUNK\PAVILLONNOIR\__MANAGERS\VCPP10\PNGLRENDERER\RELEASE\PNGLRENDEREROBJECT.OBJ
D:\PAVILLON NOIR\CODE\TRUNK\PAVILLONNOIR\__MANAGERS\VCPP10\PNGLRENDERER\RELEASE\PNGLRENDERERPLUGDESC.OBJ
D:\PAVILLON NOIR\CODE\TRUNK\PAVILLONNOIR\__MANAGERS\VCPP10\PNGLRENDERER\RELEASE\PNGLSCENEGRAPH.OBJ
D:\PAVILLON NOIR\CODE\TRUNK\PAVILLONNOIR\__MANAGERS\VCPP10\PNGLRENDERER\RELEASE\PNGLSKYBOX.OBJ
D:\PAVILLON NOIR\CODE\TRUNK\PAVILLONNOIR\__MANAGERS\VCPP10\PNGLRENDERER\RELEASE\PNGLTEXTURE.OBJ
D:\PAVILLON NOIR\CODE\TRUNK\PAVILLONNOIR\__MANAGERS\VCPP10\PNGLRENDERER\RELEASE\PNGLTEXTUREMANAGER.OBJ
D:\PAVILLON NOIR\CODE\TRUNK\PAVILLONNOIR\__MANAGERS\VCPP10\PNGLRENDERER\RELEASE\PNGLVIDEO.OBJ
D:\PAVILLON NOIR\CODE\TRUNK\PAVILLONNOIR\__MANAGERS\VCPP10\PNGLRENDERER\RELEASE\PNGUICONFPANEL.OBJ
D:\PAVILLON NOIR\CODE\TRUNK\PAVILLONNOIR\__MANAGERS\VCPP10\PNGLRENDERER\RELEASE\PNGUICONSOLE.OBJ
D:\PAVILLON NOIR\CODE\TRUNK\PAVILLONNOIR\__MANAGERS\VCPP10\PNGLRENDERER\RELEASE\PNINFOPANEL.OBJ
D:\PAVILLON NOIR\CODE\TRUNK\PAVILLONNOIR\__MANAGERS\VCPP10\PNGLRENDERER\RELEASE\PNSDLEVENT.OBJ
D:\Pavillon noir\Code\trunk\pavillonnoir\__managers\vcpp10\pnglrenderer\Release\rc.command.1.tlog
D:\Pavillon noir\Code\trunk\pavillonnoir\__managers\vcpp10\pnglrenderer\Release\rc.read.1.tlog
D:\Pavillon noir\Code\trunk\pavillonnoir\__managers\vcpp10\pnglrenderer\Release\rc.write.1.tlog
D:\Pavillon noir\Code\trunk\pavillonnoir\__managers\vcpp10\pnglrenderer\Release\ResolveAssemblyReference.cache
D:\PAVILLON NOIR\CODE\TRUNK\PAVILLONNOIR\__MANAGERS\VCPP10\PNGLRENDERER\RELEASE\VC100.PDB
