D:\PAVILLON NOIR\CODE\TRUNK\PAVILLONNOIR\__BINARIES\WIN32\PLUGINS\PNIMPORTER.PNP
D:\PAVILLON NOIR\CODE\TRUNK\PAVILLONNOIR\__MANAGERS\VCPP10\PNIMPORTER\RELEASE\A_PARSEBODY.OBJ
D:\PAVILLON NOIR\CODE\TRUNK\PAVILLONNOIR\__MANAGERS\VCPP10\PNIMPORTER\RELEASE\A_PARSEHEADER.OBJ
D:\Pavillon noir\Code\trunk\pavillonnoir\__managers\vcpp10\pnimporter\Release\cl.command.1.tlog
D:\Pavillon noir\Code\trunk\pavillonnoir\__managers\vcpp10\pnimporter\Release\CL.read.1.tlog
D:\Pavillon noir\Code\trunk\pavillonnoir\__managers\vcpp10\pnimporter\Release\CL.write.1.tlog
D:\Pavillon noir\Code\trunk\pavillonnoir\__managers\vcpp10\pnimporter\Release\link.command.1.tlog
D:\Pavillon noir\Code\trunk\pavillonnoir\__managers\vcpp10\pnimporter\Release\link.read.1.tlog
D:\Pavillon noir\Code\trunk\pavillonnoir\__managers\vcpp10\pnimporter\Release\link.write.1.tlog
D:\Pavillon noir\Code\trunk\pavillonnoir\__managers\vcpp10\pnimporter\Release\link-cvtres.read.1.tlog
D:\Pavillon noir\Code\trunk\pavillonnoir\__managers\vcpp10\pnimporter\Release\link-cvtres.write.1.tlog
D:\PAVILLON NOIR\CODE\TRUNK\PAVILLONNOIR\__MANAGERS\VCPP10\PNIMPORTER\RELEASE\M_PARSEBODY.OBJ
D:\PAVILLON NOIR\CODE\TRUNK\PAVILLONNOIR\__MANAGERS\VCPP10\PNIMPORTER\RELEASE\M_PARSEHEADER.OBJ
D:\Pavillon noir\Code\trunk\pavillonnoir\__managers\vcpp10\pnimporter\Release\mt.command.1.tlog
D:\Pavillon noir\Code\trunk\pavillonnoir\__managers\vcpp10\pnimporter\Release\mt.read.1.tlog
D:\Pavillon noir\Code\trunk\pavillonnoir\__managers\vcpp10\pnimporter\Release\mt.write.1.tlog
D:\PAVILLON NOIR\CODE\TRUNK\PAVILLONNOIR\__MANAGERS\VCPP10\PNIMPORTER\RELEASE\PNDLMAIN.OBJ
D:\PAVILLON NOIR\CODE\TRUNK\PAVILLONNOIR\__MANAGERS\VCPP10\PNIMPORTER\RELEASE\PNI3DANIMATION.OBJ
D:\PAVILLON NOIR\CODE\TRUNK\PAVILLONNOIR\__MANAGERS\VCPP10\PNIMPORTER\RELEASE\PNI3DMATERIAL.OBJ
D:\PAVILLON NOIR\CODE\TRUNK\PAVILLONNOIR\__MANAGERS\VCPP10\PNIMPORTER\RELEASE\PNI3DMESH.OBJ
D:\PAVILLON NOIR\CODE\TRUNK\PAVILLONNOIR\__MANAGERS\VCPP10\PNIMPORTER\RELEASE\PNI3DMODEL.OBJ
D:\PAVILLON NOIR\CODE\TRUNK\PAVILLONNOIR\__MANAGERS\VCPP10\PNIMPORTER\RELEASE\PNI3DSKELETON.OBJ
D:\PAVILLON NOIR\CODE\TRUNK\PAVILLONNOIR\__MANAGERS\VCPP10\PNIMPORTER\RELEASE\PNIANIMATIONBONE.OBJ
D:\PAVILLON NOIR\CODE\TRUNK\PAVILLONNOIR\__MANAGERS\VCPP10\PNIMPORTER\RELEASE\PNIANIMATIONIMPORTER.OBJ
D:\PAVILLON NOIR\CODE\TRUNK\PAVILLONNOIR\__MANAGERS\VCPP10\PNIMPORTER\RELEASE\PNIBONE.OBJ
D:\PAVILLON NOIR\CODE\TRUNK\PAVILLONNOIR\__MANAGERS\VCPP10\PNIMPORTER\RELEASE\PNIIMPORTER.OBJ
D:\PAVILLON NOIR\CODE\TRUNK\PAVILLONNOIR\__MANAGERS\VCPP10\PNIMPORTER\RELEASE\PNIIMPORTERPLUGDESC.OBJ
D:\PAVILLON NOIR\CODE\TRUNK\PAVILLONNOIR\__MANAGERS\VCPP10\PNIMPORTER\RELEASE\PNIMATERIALIMPORTER.OBJ
D:\PAVILLON NOIR\CODE\TRUNK\PAVILLONNOIR\__MANAGERS\VCPP10\PNIMPORTER\RELEASE\PNIMODELIMPORTER.OBJ
D:\PAVILLON NOIR\CODE\TRUNK\PAVILLONNOIR\__MANAGERS\VCPP10\PNIMPORTER\RELEASE\PNIMPORTER.DLL.INTERMEDIATE.MANIFEST
D:\Pavillon noir\Code\trunk\pavillonnoir\__managers\vcpp10\pnimporter\Release\pnimporter.exp
D:\Pavillon noir\Code\trunk\pavillonnoir\__managers\vcpp10\pnimporter\Release\pnimporter.lib
D:\PAVILLON NOIR\CODE\TRUNK\PAVILLONNOIR\__MANAGERS\VCPP10\PNIMPORTER\RELEASE\PNIMPORTER.RES
D:\Pavillon noir\Code\trunk\pavillonnoir\__managers\vcpp10\pnimporter\Release\pnimporter.write.1.tlog
D:\PAVILLON NOIR\CODE\TRUNK\PAVILLONNOIR\__MANAGERS\VCPP10\PNIMPORTER\RELEASE\PNISKELETONIMPORTER.OBJ
D:\PAVILLON NOIR\CODE\TRUNK\PAVILLONNOIR\__MANAGERS\VCPP10\PNIMPORTER\RELEASE\PNIVERTEX.OBJ
D:\Pavillon noir\Code\trunk\pavillonnoir\__managers\vcpp10\pnimporter\Release\rc.command.1.tlog
D:\Pavillon noir\Code\trunk\pavillonnoir\__managers\vcpp10\pnimporter\Release\rc.read.1.tlog
D:\Pavillon noir\Code\trunk\pavillonnoir\__managers\vcpp10\pnimporter\Release\rc.write.1.tlog
D:\PAVILLON NOIR\CODE\TRUNK\PAVILLONNOIR\__MANAGERS\VCPP10\PNIMPORTER\RELEASE\S_PARSEBODY.OBJ
D:\PAVILLON NOIR\CODE\TRUNK\PAVILLONNOIR\__MANAGERS\VCPP10\PNIMPORTER\RELEASE\S_PARSEHEADER.OBJ
D:\PAVILLON NOIR\CODE\TRUNK\PAVILLONNOIR\__MANAGERS\VCPP10\PNIMPORTER\RELEASE\VC100.PDB
