D:\PAVILLON NOIR\CODE\TRUNK\PAVILLONNOIR\__BINARIES\WIN32\PLUGINS\PNEXPORTER.PNP
D:\Pavillon noir\Code\trunk\pavillonnoir\__managers\vcpp10\pnexporter\Release\cl.command.1.tlog
D:\Pavillon noir\Code\trunk\pavillonnoir\__managers\vcpp10\pnexporter\Release\CL.read.1.tlog
D:\Pavillon noir\Code\trunk\pavillonnoir\__managers\vcpp10\pnexporter\Release\CL.write.1.tlog
D:\Pavillon noir\Code\trunk\pavillonnoir\__managers\vcpp10\pnexporter\Release\link.command.1.tlog
D:\Pavillon noir\Code\trunk\pavillonnoir\__managers\vcpp10\pnexporter\Release\link.read.1.tlog
D:\Pavillon noir\Code\trunk\pavillonnoir\__managers\vcpp10\pnexporter\Release\link.write.1.tlog
D:\Pavillon noir\Code\trunk\pavillonnoir\__managers\vcpp10\pnexporter\Release\link-cvtres.read.1.tlog
D:\Pavillon noir\Code\trunk\pavillonnoir\__managers\vcpp10\pnexporter\Release\link-cvtres.write.1.tlog
D:\Pavillon noir\Code\trunk\pavillonnoir\__managers\vcpp10\pnexporter\Release\mt.command.1.tlog
D:\Pavillon noir\Code\trunk\pavillonnoir\__managers\vcpp10\pnexporter\Release\mt.read.1.tlog
D:\Pavillon noir\Code\trunk\pavillonnoir\__managers\vcpp10\pnexporter\Release\mt.write.1.tlog
D:\PAVILLON NOIR\CODE\TRUNK\PAVILLONNOIR\__MANAGERS\VCPP10\PNEXPORTER\RELEASE\PNDLMAIN.OBJ
D:\PAVILLON NOIR\CODE\TRUNK\PAVILLONNOIR\__MANAGERS\VCPP10\PNEXPORTER\RELEASE\PNEEXPORTERPLUGDESC.OBJ
D:\PAVILLON NOIR\CODE\TRUNK\PAVILLONNOIR\__MANAGERS\VCPP10\PNEXPORTER\RELEASE\PNEOCTREECOMPILER.OBJ
D:\PAVILLON NOIR\CODE\TRUNK\PAVILLONNOIR\__MANAGERS\VCPP10\PNEXPORTER\RELEASE\PNEXPORTER.DLL.INTERMEDIATE.MANIFEST
D:\Pavillon noir\Code\trunk\pavillonnoir\__managers\vcpp10\pnexporter\Release\pnexporter.exp
D:\Pavillon noir\Code\trunk\pavillonnoir\__managers\vcpp10\pnexporter\Release\pnexporter.lib
D:\PAVILLON NOIR\CODE\TRUNK\PAVILLONNOIR\__MANAGERS\VCPP10\PNEXPORTER\RELEASE\PNEXPORTER.RES
D:\Pavillon noir\Code\trunk\pavillonnoir\__managers\vcpp10\pnexporter\Release\pnexporter.write.1.tlog
D:\Pavillon noir\Code\trunk\pavillonnoir\__managers\vcpp10\pnexporter\Release\rc.command.1.tlog
D:\Pavillon noir\Code\trunk\pavillonnoir\__managers\vcpp10\pnexporter\Release\rc.read.1.tlog
D:\Pavillon noir\Code\trunk\pavillonnoir\__managers\vcpp10\pnexporter\Release\rc.write.1.tlog
D:\PAVILLON NOIR\CODE\TRUNK\PAVILLONNOIR\__MANAGERS\VCPP10\PNEXPORTER\RELEASE\VC100.PDB
