La génération a démarré 15.07.2011 16:32:10.
     1>Projet "D:\Pavillon noir\Code\trunk\pavillonnoir\__managers\vcpp10\pncore\pncore.vcxproj" sur le nœud 2 (build cible(s)).
     1>InitializeBuildStatus:
         Mise à jour de l'horodatage "Release\pncore.unsuccessfulbuild".
       ClCompile:
         c:\Program Files (x86)\Microsoft Visual Studio 10.0\VC\bin\CL.exe /c /I../../../__src/pncommon /I../../../__src/pneditorcommon /I../../../__library/win32/include/fox /I../../../__library/win32/include/ /I../../../__library/win32/include/CEGUI /I../../../__library/common/ /Zi /nologo /W3 /WX- /O2 /Oy- /D WIN32 /D NDEBUG /D _WINDOWS /D FOXDLL /D BOOST_ALL_DYN_LINK /D _MBCS /Gm- /EHsc /MD /GS /fp:precise /Zc:wchar_t /Zc:forScope /Fo"Release\\" /Fd"Release\vc100.pdb" /Gd /TP /analyze- /errorReport:prompt ..\..\..\__src\pncore\main.cpp ..\..\..\__src\pncore\PNGUIChatWindow.cpp ..\..\..\__src\pncore\PNGUIDeath.cpp ..\..\..\__src\pncore\PNGUIGame.cpp ..\..\..\__src\pncore\PNGUILoadingScreen.cpp ..\..\..\__src\pncore\PNGUIMenuLoad.cpp ..\..\..\__src\pncore\PNGUIMenuRoot.cpp ..\..\..\__src\pncore\PNGUIMsgBox.cpp ..\..\..\__src\pncore\PNGUIWin.cpp -DBOOST_FILESYSTEM_VERSION=2 
         main.cpp
     1>..\..\..\__src\pncore\main.cpp(75): warning C4305: 'argument' : truncation from 'double' to 'PN::pnfloat'
     1>..\..\..\__src\pncore\main.cpp(75): warning C4305: 'argument' : truncation from 'double' to 'PN::pnfloat'
     1>..\..\..\__src\pncore\main.cpp(75): warning C4305: 'argument' : truncation from 'double' to 'PN::pnfloat'
     1>..\..\..\__src\pncore\main.cpp(159): error C2664: 'CEGUI::System::System(const CEGUI::System &)' : cannot convert parameter 1 from 'CEGUI::Renderer *' to 'const CEGUI::System &'
                 Reason: cannot convert from 'CEGUI::Renderer *' to 'const CEGUI::System'
                 No constructor could take the source type, or constructor overload resolution was ambiguous
         PNGUIChatWindow.cpp
     1>..\..\..\__src\pncore\PNGUIChatWindow.cpp(62): error C2039: 'setFormatting' : is not a member of 'CEGUI::FalagardStaticText'
                 D:\Pavillon noir\Code\trunk\pavillonnoir\__library\win32\include\CEGUI\WindowRendererSets/Falagard/FalStaticText.h(72) : see declaration of 'CEGUI::FalagardStaticText'
     1>..\..\..\__src\pncore\PNGUIChatWindow.cpp(62): error C2039: 'WordWrapLeftAligned' : is not a member of 'CEGUI::FalagardStaticText'
                 D:\Pavillon noir\Code\trunk\pavillonnoir\__library\win32\include\CEGUI\WindowRendererSets/Falagard/FalStaticText.h(72) : see declaration of 'CEGUI::FalagardStaticText'
     1>..\..\..\__src\pncore\PNGUIChatWindow.cpp(62): error C2065: 'WordWrapLeftAligned' : undeclared identifier
     1>..\..\..\__src\pncore\PNGUIChatWindow.cpp(62): error C2039: 'TopAligned' : is not a member of 'CEGUI::FalagardStaticText'
                 D:\Pavillon noir\Code\trunk\pavillonnoir\__library\win32\include\CEGUI\WindowRendererSets/Falagard/FalStaticText.h(72) : see declaration of 'CEGUI::FalagardStaticText'
     1>..\..\..\__src\pncore\PNGUIChatWindow.cpp(62): error C2065: 'TopAligned' : undeclared identifier
     1>..\..\..\__src\pncore\PNGUIChatWindow.cpp(240): error C2039: 'setText' : is not a member of 'CEGUI::FalagardStaticText'
                 D:\Pavillon noir\Code\trunk\pavillonnoir\__library\win32\include\CEGUI\WindowRendererSets/Falagard/FalStaticText.h(72) : see declaration of 'CEGUI::FalagardStaticText'
     1>..\..\..\__src\pncore\PNGUIChatWindow.cpp(264): error C2039: 'setText' : is not a member of 'CEGUI::FalagardStaticText'
                 D:\Pavillon noir\Code\trunk\pavillonnoir\__library\win32\include\CEGUI\WindowRendererSets/Falagard/FalStaticText.h(72) : see declaration of 'CEGUI::FalagardStaticText'
         PNGUIDeath.cpp
     1>..\..\..\__src\pncore\PNGUIDeath.cpp(53): error C2440: '=' : cannot convert from 'CEGUI::Window *' to 'CEGUI::FalagardStaticText *'
                 Types pointed to are unrelated; conversion requires reinterpret_cast, C-style cast or function-style cast
     1>..\..\..\__src\pncore\PNGUIDeath.cpp(54): error C2039: 'hide' : is not a member of 'CEGUI::FalagardStaticText'
                 D:\Pavillon noir\Code\trunk\pavillonnoir\__library\win32\include\CEGUI\WindowRendererSets/Falagard/FalStaticText.h(72) : see declaration of 'CEGUI::FalagardStaticText'
     1>..\..\..\__src\pncore\PNGUIDeath.cpp(57): error C2440: '=' : cannot convert from 'CEGUI::Window *' to 'CEGUI::FalagardStaticImage *'
                 Types pointed to are unrelated; conversion requires reinterpret_cast, C-style cast or function-style cast
     1>..\..\..\__src\pncore\PNGUIDeath.cpp(58): error C2660: 'CEGUI::FalagardStaticImage::setImage' : function does not take 2 arguments
     1>..\..\..\__src\pncore\PNGUIDeath.cpp(61): error C2664: 'void CEGUI::Window::addChildWindow(const CEGUI::String &)' : cannot convert parameter 1 from 'CEGUI::FalagardStaticImage *' to 'const CEGUI::String &'
                 Reason: cannot convert from 'CEGUI::FalagardStaticImage *' to 'const CEGUI::String'
                 No constructor could take the source type, or constructor overload resolution was ambiguous
     1>..\..\..\__src\pncore\PNGUIDeath.cpp(93): error C2664: 'CEGUI::Window::setPosition' : cannot convert parameter 1 from 'CEGUI::Vector2' to 'const CEGUI::UVector2 &'
                 Reason: cannot convert from 'CEGUI::Vector2' to 'const CEGUI::UVector2'
                 No user-defined-conversion operator available that can perform this conversion, or the operator cannot be called
     1>..\..\..\__src\pncore\PNGUIDeath.cpp(94): error C2039: 'setSize' : is not a member of 'CEGUI::FalagardStaticImage'
                 D:\Pavillon noir\Code\trunk\pavillonnoir\__library\win32\include\CEGUI\WindowRendererSets/Falagard/FalStaticImage.h(62) : see declaration of 'CEGUI::FalagardStaticImage'
     1>..\..\..\__src\pncore\PNGUIDeath.cpp(95): error C2039: 'setPosition' : is not a member of 'CEGUI::FalagardStaticImage'
                 D:\Pavillon noir\Code\trunk\pavillonnoir\__library\win32\include\CEGUI\WindowRendererSets/Falagard/FalStaticImage.h(62) : see declaration of 'CEGUI::FalagardStaticImage'
     1>..\..\..\__src\pncore\PNGUIDeath.cpp(97): error C2039: 'hide' : is not a member of 'CEGUI::FalagardStaticText'
                 D:\Pavillon noir\Code\trunk\pavillonnoir\__library\win32\include\CEGUI\WindowRendererSets/Falagard/FalStaticText.h(72) : see declaration of 'CEGUI::FalagardStaticText'
     1>..\..\..\__src\pncore\PNGUIDeath.cpp(108): error C2039: 'show' : is not a member of 'CEGUI::FalagardStaticText'
                 D:\Pavillon noir\Code\trunk\pavillonnoir\__library\win32\include\CEGUI\WindowRendererSets/Falagard/FalStaticText.h(72) : see declaration of 'CEGUI::FalagardStaticText'
     1>..\..\..\__src\pncore\PNGUIDeath.cpp(132): warning C4244: 'initializing' : conversion from 'PN::pnuint' to 'float', possible loss of data
     1>..\..\..\__src\pncore\PNGUIDeath.cpp(168): error C2664: 'CEGUI::Window::setPosition' : cannot convert parameter 1 from 'CEGUI::Point' to 'const CEGUI::UVector2 &'
                 Reason: cannot convert from 'CEGUI::Point' to 'const CEGUI::UVector2'
                 No user-defined-conversion operator available that can perform this conversion, or the operator cannot be called
     1>..\..\..\__src\pncore\PNGUIDeath.cpp(171): error C2664: 'CEGUI::Window::setSize' : cannot convert parameter 1 from 'CEGUI::Size' to 'const CEGUI::UVector2 &'
                 Reason: cannot convert from 'CEGUI::Size' to 'const CEGUI::UVector2'
                 No user-defined-conversion operator available that can perform this conversion, or the operator cannot be called
         PNGUIGame.cpp
     1>..\..\..\__src\pncore\PNGUIGame.cpp(215): warning C4244: 'argument' : conversion from 'double' to 'PN::pnfloat', possible loss of data
     1>..\..\..\__src\pncore\PNGUIGame.cpp(482): error C2039: 'hide' : is not a member of 'CEGUI::FalagardStaticImage'
                 D:\Pavillon noir\Code\trunk\pavillonnoir\__library\win32\include\CEGUI\WindowRendererSets/Falagard/FalStaticImage.h(62) : see declaration of 'CEGUI::FalagardStaticImage'
     1>..\..\..\__src\pncore\PNGUIGame.cpp(483): error C2039: 'hide' : is not a member of 'CEGUI::FalagardStaticImage'
                 D:\Pavillon noir\Code\trunk\pavillonnoir\__library\win32\include\CEGUI\WindowRendererSets/Falagard/FalStaticImage.h(62) : see declaration of 'CEGUI::FalagardStaticImage'
     1>..\..\..\__src\pncore\PNGUIGame.cpp(620): error C2660: 'CEGUI::FalagardStaticImage::setImage' : function does not take 2 arguments
     1>..\..\..\__src\pncore\PNGUIGame.cpp(674): error C2039: 'show' : is not a member of 'CEGUI::FalagardStaticImage'
                 D:\Pavillon noir\Code\trunk\pavillonnoir\__library\win32\include\CEGUI\WindowRendererSets/Falagard/FalStaticImage.h(62) : see declaration of 'CEGUI::FalagardStaticImage'
     1>..\..\..\__src\pncore\PNGUIGame.cpp(675): error C2039: 'show' : is not a member of 'CEGUI::FalagardStaticImage'
                 D:\Pavillon noir\Code\trunk\pavillonnoir\__library\win32\include\CEGUI\WindowRendererSets/Falagard/FalStaticImage.h(62) : see declaration of 'CEGUI::FalagardStaticImage'
     1>..\..\..\__src\pncore\PNGUIGame.cpp(687): error C2039: 'setPosition' : is not a member of 'CEGUI::FalagardStaticImage'
                 D:\Pavillon noir\Code\trunk\pavillonnoir\__library\win32\include\CEGUI\WindowRendererSets/Falagard/FalStaticImage.h(62) : see declaration of 'CEGUI::FalagardStaticImage'
     1>..\..\..\__src\pncore\PNGUIGame.cpp(691): error C2039: 'hide' : is not a member of 'CEGUI::FalagardStaticImage'
                 D:\Pavillon noir\Code\trunk\pavillonnoir\__library\win32\include\CEGUI\WindowRendererSets/Falagard/FalStaticImage.h(62) : see declaration of 'CEGUI::FalagardStaticImage'
     1>..\..\..\__src\pncore\PNGUIGame.cpp(692): error C2039: 'hide' : is not a member of 'CEGUI::FalagardStaticImage'
                 D:\Pavillon noir\Code\trunk\pavillonnoir\__library\win32\include\CEGUI\WindowRendererSets/Falagard/FalStaticImage.h(62) : see declaration of 'CEGUI::FalagardStaticImage'
     1>..\..\..\__src\pncore\PNGUIGame.cpp(718): error C2039: 'setPosition' : is not a member of 'CEGUI::FalagardStaticImage'
                 D:\Pavillon noir\Code\trunk\pavillonnoir\__library\win32\include\CEGUI\WindowRendererSets/Falagard/FalStaticImage.h(62) : see declaration of 'CEGUI::FalagardStaticImage'
     1>..\..\..\__src\pncore\PNGUIGame.cpp(1007): error C2039: 'setAlpha' : is not a member of 'CEGUI::FalagardStaticImage'
                 D:\Pavillon noir\Code\trunk\pavillonnoir\__library\win32\include\CEGUI\WindowRendererSets/Falagard/FalStaticImage.h(62) : see declaration of 'CEGUI::FalagardStaticImage'
     1>..\..\..\__src\pncore\PNGUIGame.cpp(1007): error C2039: 'getAlpha' : is not a member of 'CEGUI::FalagardStaticImage'
                 D:\Pavillon noir\Code\trunk\pavillonnoir\__library\win32\include\CEGUI\WindowRendererSets/Falagard/FalStaticImage.h(62) : see declaration of 'CEGUI::FalagardStaticImage'
     1>..\..\..\__src\pncore\PNGUIGame.cpp(1011): error C2039: 'setAlpha' : is not a member of 'CEGUI::FalagardStaticImage'
                 D:\Pavillon noir\Code\trunk\pavillonnoir\__library\win32\include\CEGUI\WindowRendererSets/Falagard/FalStaticImage.h(62) : see declaration of 'CEGUI::FalagardStaticImage'
     1>..\..\..\__src\pncore\PNGUIGame.cpp(1011): error C2039: 'getAlpha' : is not a member of 'CEGUI::FalagardStaticImage'
                 D:\Pavillon noir\Code\trunk\pavillonnoir\__library\win32\include\CEGUI\WindowRendererSets/Falagard/FalStaticImage.h(62) : see declaration of 'CEGUI::FalagardStaticImage'
         PNGUILoadingScreen.cpp
     1>..\..\..\__src\pncore\PNGUILoadingScreen.cpp(53): error C2039: 'getImageset' : is not a member of 'CEGUI::ImagesetManager'
                 d:\pavillon noir\code\trunk\pavillonnoir\__library\win32\include\cegui\CEGUIImagesetManager.h(56) : see declaration of 'CEGUI::ImagesetManager'
     1>..\..\..\__src\pncore\PNGUILoadingScreen.cpp(73): error C2664: 'void CEGUI::Window::addChildWindow(const CEGUI::String &)' : cannot convert parameter 1 from 'CEGUI::FalagardStaticImage *' to 'const CEGUI::String &'
                 Reason: cannot convert from 'CEGUI::FalagardStaticImage *' to 'const CEGUI::String'
                 No constructor could take the source type, or constructor overload resolution was ambiguous
     1>..\..\..\__src\pncore\PNGUILoadingScreen.cpp(117): error C2039: 'getImageset' : is not a member of 'CEGUI::ImagesetManager'
                 d:\pavillon noir\code\trunk\pavillonnoir\__library\win32\include\cegui\CEGUIImagesetManager.h(56) : see declaration of 'CEGUI::ImagesetManager'
     1>..\..\..\__src\pncore\PNGUILoadingScreen.cpp(117): error C2227: left of '->getImage' must point to class/struct/union/generic type
     1>..\..\..\__src\pncore\PNGUILoadingScreen.cpp(121): error C2039: 'getHeight' : is not a member of 'CEGUI::Renderer'
                 d:\pavillon noir\code\trunk\pavillonnoir\__library\win32\include\cegui\CEGUIRenderer.h(81) : see declaration of 'CEGUI::Renderer'
     1>..\..\..\__src\pncore\PNGUILoadingScreen.cpp(122): error C2039: 'getWidth' : is not a member of 'CEGUI::Renderer'
                 d:\pavillon noir\code\trunk\pavillonnoir\__library\win32\include\cegui\CEGUIRenderer.h(81) : see declaration of 'CEGUI::Renderer'
     1>..\..\..\__src\pncore\PNGUILoadingScreen.cpp(131): warning C4305: '=' : truncation from 'double' to 'float'
     1>..\..\..\__src\pncore\PNGUILoadingScreen.cpp(132): warning C4244: '=' : conversion from 'double' to 'float', possible loss of data
     1>..\..\..\__src\pncore\PNGUILoadingScreen.cpp(140): warning C4244: '=' : conversion from 'double' to 'float', possible loss of data
     1>..\..\..\__src\pncore\PNGUILoadingScreen.cpp(143): warning C4305: '=' : truncation from 'double' to 'float'
     1>..\..\..\__src\pncore\PNGUILoadingScreen.cpp(144): warning C4244: '=' : conversion from 'double' to 'float', possible loss of data
     1>..\..\..\__src\pncore\PNGUILoadingScreen.cpp(151): warning C4244: '=' : conversion from 'double' to 'float', possible loss of data
     1>..\..\..\__src\pncore\PNGUILoadingScreen.cpp(155): error C2660: 'CEGUI::FalagardStaticImage::setImage' : function does not take 2 arguments
     1>..\..\..\__src\pncore\PNGUILoadingScreen.cpp(156): error C2039: 'setSize' : is not a member of 'CEGUI::FalagardStaticImage'
                 D:\Pavillon noir\Code\trunk\pavillonnoir\__library\win32\include\CEGUI\WindowRendererSets/Falagard/FalStaticImage.h(62) : see declaration of 'CEGUI::FalagardStaticImage'
     1>..\..\..\__src\pncore\PNGUILoadingScreen.cpp(157): error C2039: 'setPosition' : is not a member of 'CEGUI::FalagardStaticImage'
                 D:\Pavillon noir\Code\trunk\pavillonnoir\__library\win32\include\CEGUI\WindowRendererSets/Falagard/FalStaticImage.h(62) : see declaration of 'CEGUI::FalagardStaticImage'
     1>..\..\..\__src\pncore\PNGUILoadingScreen.cpp(160): error C2039: 'disable' : is not a member of 'CEGUI::FalagardStaticImage'
                 D:\Pavillon noir\Code\trunk\pavillonnoir\__library\win32\include\CEGUI\WindowRendererSets/Falagard/FalStaticImage.h(62) : see declaration of 'CEGUI::FalagardStaticImage'
     1>..\..\..\__src\pncore\PNGUILoadingScreen.cpp(161): error C2039: 'show' : is not a member of 'CEGUI::FalagardStaticImage'
                 D:\Pavillon noir\Code\trunk\pavillonnoir\__library\win32\include\CEGUI\WindowRendererSets/Falagard/FalStaticImage.h(62) : see declaration of 'CEGUI::FalagardStaticImage'
     1>..\..\..\__src\pncore\PNGUILoadingScreen.cpp(170): error C2039: 'hide' : is not a member of 'CEGUI::FalagardStaticImage'
                 D:\Pavillon noir\Code\trunk\pavillonnoir\__library\win32\include\CEGUI\WindowRendererSets/Falagard/FalStaticImage.h(62) : see declaration of 'CEGUI::FalagardStaticImage'
     1>..\..\..\__src\pncore\PNGUILoadingScreen.cpp(171): error C2039: 'setText' : is not a member of 'CEGUI::FalagardStaticText'
                 D:\Pavillon noir\Code\trunk\pavillonnoir\__library\win32\include\CEGUI\WindowRendererSets/Falagard/FalStaticText.h(72) : see declaration of 'CEGUI::FalagardStaticText'
     1>..\..\..\__src\pncore\PNGUILoadingScreen.cpp(212): error C2039: 'setText' : is not a member of 'CEGUI::FalagardStaticText'
                 D:\Pavillon noir\Code\trunk\pavillonnoir\__library\win32\include\CEGUI\WindowRendererSets/Falagard/FalStaticText.h(72) : see declaration of 'CEGUI::FalagardStaticText'
         PNGUIMenuLoad.cpp
         PNGUIMenuRoot.cpp
     1>..\..\..\__src\pncore\PNGUIMenuRoot.cpp(206): warning C4996: 'fopen': This function or variable may be unsafe. Consider using fopen_s instead. To disable deprecation, use _CRT_SECURE_NO_WARNINGS. See online help for details.
                 c:\Program Files (x86)\Microsoft Visual Studio 10.0\VC\include\stdio.h(234) : see declaration of 'fopen'
         PNGUIMsgBox.cpp
     1>..\..\..\__src\pncore\PNGUIMsgBox.cpp(84): error C2664: 'CEGUI::Window::setSize' : cannot convert parameter 1 from 'CEGUI::Size' to 'const CEGUI::UVector2 &'
                 Reason: cannot convert from 'CEGUI::Size' to 'const CEGUI::UVector2'
                 No user-defined-conversion operator available that can perform this conversion, or the operator cannot be called
     1>..\..\..\__src\pncore\PNGUIMsgBox.cpp(85): error C2664: 'CEGUI::Window::setPosition' : cannot convert parameter 1 from 'CEGUI::Vector2' to 'const CEGUI::UVector2 &'
                 Reason: cannot convert from 'CEGUI::Vector2' to 'const CEGUI::UVector2'
                 No user-defined-conversion operator available that can perform this conversion, or the operator cannot be called
     1>..\..\..\__src\pncore\PNGUIMsgBox.cpp(98): error C2664: 'CEGUI::Window::setSize' : cannot convert parameter 1 from 'CEGUI::Size' to 'const CEGUI::UVector2 &'
                 Reason: cannot convert from 'CEGUI::Size' to 'const CEGUI::UVector2'
                 No user-defined-conversion operator available that can perform this conversion, or the operator cannot be called
     1>..\..\..\__src\pncore\PNGUIMsgBox.cpp(99): error C2664: 'CEGUI::Window::setPosition' : cannot convert parameter 1 from 'CEGUI::Vector2' to 'const CEGUI::UVector2 &'
                 Reason: cannot convert from 'CEGUI::Vector2' to 'const CEGUI::UVector2'
                 No user-defined-conversion operator available that can perform this conversion, or the operator cannot be called
     1>..\..\..\__src\pncore\PNGUIMsgBox.cpp(109): error C2664: 'CEGUI::Window::setSize' : cannot convert parameter 1 from 'CEGUI::Size' to 'const CEGUI::UVector2 &'
                 Reason: cannot convert from 'CEGUI::Size' to 'const CEGUI::UVector2'
                 No user-defined-conversion operator available that can perform this conversion, or the operator cannot be called
     1>..\..\..\__src\pncore\PNGUIMsgBox.cpp(110): error C2664: 'CEGUI::Window::setPosition' : cannot convert parameter 1 from 'CEGUI::Vector2' to 'const CEGUI::UVector2 &'
                 Reason: cannot convert from 'CEGUI::Vector2' to 'const CEGUI::UVector2'
                 No user-defined-conversion operator available that can perform this conversion, or the operator cannot be called
     1>..\..\..\__src\pncore\PNGUIMsgBox.cpp(116): error C2664: 'CEGUI::Window::setSize' : cannot convert parameter 1 from 'CEGUI::Size' to 'const CEGUI::UVector2 &'
                 Reason: cannot convert from 'CEGUI::Size' to 'const CEGUI::UVector2'
                 No user-defined-conversion operator available that can perform this conversion, or the operator cannot be called
     1>..\..\..\__src\pncore\PNGUIMsgBox.cpp(117): error C2664: 'CEGUI::Window::setPosition' : cannot convert parameter 1 from 'CEGUI::Vector2' to 'const CEGUI::UVector2 &'
                 Reason: cannot convert from 'CEGUI::Vector2' to 'const CEGUI::UVector2'
                 No user-defined-conversion operator available that can perform this conversion, or the operator cannot be called
     1>..\..\..\__src\pncore\PNGUIMsgBox.cpp(126): error C2664: 'CEGUI::Window::setSize' : cannot convert parameter 1 from 'CEGUI::Size' to 'const CEGUI::UVector2 &'
                 Reason: cannot convert from 'CEGUI::Size' to 'const CEGUI::UVector2'
                 No user-defined-conversion operator available that can perform this conversion, or the operator cannot be called
     1>..\..\..\__src\pncore\PNGUIMsgBox.cpp(127): error C2664: 'CEGUI::Window::setPosition' : cannot convert parameter 1 from 'CEGUI::Vector2' to 'const CEGUI::UVector2 &'
                 Reason: cannot convert from 'CEGUI::Vector2' to 'const CEGUI::UVector2'
                 No user-defined-conversion operator available that can perform this conversion, or the operator cannot be called
     1>..\..\..\__src\pncore\PNGUIMsgBox.cpp(136): error C2039: 'getHeight' : is not a member of 'CEGUI::Renderer'
                 d:\pavillon noir\code\trunk\pavillonnoir\__library\win32\include\cegui\CEGUIRenderer.h(81) : see declaration of 'CEGUI::Renderer'
     1>..\..\..\__src\pncore\PNGUIMsgBox.cpp(137): error C2039: 'getWidth' : is not a member of 'CEGUI::Renderer'
                 d:\pavillon noir\code\trunk\pavillonnoir\__library\win32\include\cegui\CEGUIRenderer.h(81) : see declaration of 'CEGUI::Renderer'
     1>..\..\..\__src\pncore\PNGUIMsgBox.cpp(239): error C2039: 'getHeight' : is not a member of 'CEGUI::Renderer'
                 d:\pavillon noir\code\trunk\pavillonnoir\__library\win32\include\cegui\CEGUIRenderer.h(81) : see declaration of 'CEGUI::Renderer'
     1>..\..\..\__src\pncore\PNGUIMsgBox.cpp(240): error C2039: 'getWidth' : is not a member of 'CEGUI::Renderer'
                 d:\pavillon noir\code\trunk\pavillonnoir\__library\win32\include\cegui\CEGUIRenderer.h(81) : see declaration of 'CEGUI::Renderer'
     1>..\..\..\__src\pncore\PNGUIMsgBox.cpp(284): error C2664: 'CEGUI::Window::setPosition' : cannot convert parameter 1 from 'CEGUI::Vector2' to 'const CEGUI::UVector2 &'
                 Reason: cannot convert from 'CEGUI::Vector2' to 'const CEGUI::UVector2'
                 No user-defined-conversion operator available that can perform this conversion, or the operator cannot be called
     1>..\..\..\__src\pncore\PNGUIMsgBox.cpp(285): error C2664: 'CEGUI::Window::setSize' : cannot convert parameter 1 from 'CEGUI::Size' to 'const CEGUI::UVector2 &'
                 Reason: cannot convert from 'CEGUI::Size' to 'const CEGUI::UVector2'
                 No user-defined-conversion operator available that can perform this conversion, or the operator cannot be called
     1>..\..\..\__src\pncore\PNGUIMsgBox.cpp(291): error C2039: 'StaticText' : is not a member of 'CEGUI'
     1>..\..\..\__src\pncore\PNGUIMsgBox.cpp(291): error C2061: syntax error : identifier 'StaticText'
     1>..\..\..\__src\pncore\PNGUIMsgBox.cpp(292): error C2039: 'setText' : is not a member of 'CEGUI::FalagardStaticText'
                 D:\Pavillon noir\Code\trunk\pavillonnoir\__library\win32\include\CEGUI\WindowRendererSets/Falagard/FalStaticText.h(72) : see declaration of 'CEGUI::FalagardStaticText'
     1>..\..\..\__src\pncore\PNGUIMsgBox.cpp(293): error C2039: 'setPosition' : is not a member of 'CEGUI::FalagardStaticText'
                 D:\Pavillon noir\Code\trunk\pavillonnoir\__library\win32\include\CEGUI\WindowRendererSets/Falagard/FalStaticText.h(72) : see declaration of 'CEGUI::FalagardStaticText'
     1>..\..\..\__src\pncore\PNGUIMsgBox.cpp(294): error C2039: 'setSize' : is not a member of 'CEGUI::FalagardStaticText'
                 D:\Pavillon noir\Code\trunk\pavillonnoir\__library\win32\include\CEGUI\WindowRendererSets/Falagard/FalStaticText.h(72) : see declaration of 'CEGUI::FalagardStaticText'
     1>..\..\..\__src\pncore\PNGUIMsgBox.cpp(296): error C2039: 'setFormatting' : is not a member of 'CEGUI::FalagardStaticText'
                 D:\Pavillon noir\Code\trunk\pavillonnoir\__library\win32\include\CEGUI\WindowRendererSets/Falagard/FalStaticText.h(72) : see declaration of 'CEGUI::FalagardStaticText'
     1>..\..\..\__src\pncore\PNGUIMsgBox.cpp(296): error C3083: 'StaticText': the symbol to the left of a '::' must be a type
     1>..\..\..\__src\pncore\PNGUIMsgBox.cpp(296): error C2039: 'HorzCentred' : is not a member of 'CEGUI'
     1>..\..\..\__src\pncore\PNGUIMsgBox.cpp(296): error C2065: 'HorzCentred' : undeclared identifier
     1>..\..\..\__src\pncore\PNGUIMsgBox.cpp(296): error C3083: 'StaticText': the symbol to the left of a '::' must be a type
     1>..\..\..\__src\pncore\PNGUIMsgBox.cpp(296): error C2039: 'VertCentred' : is not a member of 'CEGUI'
     1>..\..\..\__src\pncore\PNGUIMsgBox.cpp(296): error C2065: 'VertCentred' : undeclared identifier
     1>..\..\..\__src\pncore\PNGUIMsgBox.cpp(301): error C2664: 'void CEGUI::Window::addChildWindow(const CEGUI::String &)' : cannot convert parameter 1 from 'CEGUI::FalagardStaticText *' to 'const CEGUI::String &'
                 Reason: cannot convert from 'CEGUI::FalagardStaticText *' to 'const CEGUI::String'
                 No constructor could take the source type, or constructor overload resolution was ambiguous
     1>..\..\..\__src\pncore\PNGUIMsgBox.cpp(318): error C2664: 'CEGUI::Window::setSize' : cannot convert parameter 1 from 'CEGUI::Size' to 'const CEGUI::UVector2 &'
                 Reason: cannot convert from 'CEGUI::Size' to 'const CEGUI::UVector2'
                 No user-defined-conversion operator available that can perform this conversion, or the operator cannot be called
     1>..\..\..\__src\pncore\PNGUIMsgBox.cpp(319): error C2664: 'CEGUI::Window::setPosition' : cannot convert parameter 1 from 'CEGUI::Vector2' to 'const CEGUI::UVector2 &'
                 Reason: cannot convert from 'CEGUI::Vector2' to 'const CEGUI::UVector2'
                 No user-defined-conversion operator available that can perform this conversion, or the operator cannot be called
     1>..\..\..\__src\pncore\PNGUIMsgBox.cpp(325): error C2664: 'CEGUI::Window::setSize' : cannot convert parameter 1 from 'CEGUI::Size' to 'const CEGUI::UVector2 &'
                 Reason: cannot convert from 'CEGUI::Size' to 'const CEGUI::UVector2'
                 No user-defined-conversion operator available that can perform this conversion, or the operator cannot be called
     1>..\..\..\__src\pncore\PNGUIMsgBox.cpp(326): error C2664: 'CEGUI::Window::setPosition' : cannot convert parameter 1 from 'CEGUI::Vector2' to 'const CEGUI::UVector2 &'
                 Reason: cannot convert from 'CEGUI::Vector2' to 'const CEGUI::UVector2'
                 No user-defined-conversion operator available that can perform this conversion, or the operator cannot be called
         PNGUIWin.cpp
     1>..\..\..\__src\pncore\PNGUIWin.cpp(52): error C2039: 'StaticText' : is not a member of 'CEGUI'
     1>..\..\..\__src\pncore\PNGUIWin.cpp(52): error C2065: 'StaticText' : undeclared identifier
     1>..\..\..\__src\pncore\PNGUIWin.cpp(52): error C2059: syntax error : ')'
     1>..\..\..\__src\pncore\PNGUIWin.cpp(53): error C2039: 'hide' : is not a member of 'CEGUI::FalagardStaticText'
                 D:\Pavillon noir\Code\trunk\pavillonnoir\__library\win32\include\CEGUI\WindowRendererSets/Falagard/FalStaticText.h(72) : see declaration of 'CEGUI::FalagardStaticText'
     1>..\..\..\__src\pncore\PNGUIWin.cpp(55): error C2039: 'StaticImage' : is not a member of 'CEGUI'
     1>..\..\..\__src\pncore\PNGUIWin.cpp(55): error C2065: 'StaticImage' : undeclared identifier
     1>..\..\..\__src\pncore\PNGUIWin.cpp(55): error C2059: syntax error : ')'
     1>..\..\..\__src\pncore\PNGUIWin.cpp(56): error C2660: 'CEGUI::FalagardStaticImage::setImage' : function does not take 2 arguments
     1>..\..\..\__src\pncore\PNGUIWin.cpp(59): error C2664: 'void CEGUI::Window::addChildWindow(const CEGUI::String &)' : cannot convert parameter 1 from 'CEGUI::FalagardStaticImage *' to 'const CEGUI::String &'
                 Reason: cannot convert from 'CEGUI::FalagardStaticImage *' to 'const CEGUI::String'
                 No constructor could take the source type, or constructor overload resolution was ambiguous
     1>..\..\..\__src\pncore\PNGUIWin.cpp(91): error C2664: 'CEGUI::Window::setPosition' : cannot convert parameter 1 from 'CEGUI::Vector2' to 'const CEGUI::UVector2 &'
                 Reason: cannot convert from 'CEGUI::Vector2' to 'const CEGUI::UVector2'
                 No user-defined-conversion operator available that can perform this conversion, or the operator cannot be called
     1>..\..\..\__src\pncore\PNGUIWin.cpp(92): error C2039: 'setSize' : is not a member of 'CEGUI::FalagardStaticImage'
                 D:\Pavillon noir\Code\trunk\pavillonnoir\__library\win32\include\CEGUI\WindowRendererSets/Falagard/FalStaticImage.h(62) : see declaration of 'CEGUI::FalagardStaticImage'
     1>..\..\..\__src\pncore\PNGUIWin.cpp(93): error C2039: 'setPosition' : is not a member of 'CEGUI::FalagardStaticImage'
                 D:\Pavillon noir\Code\trunk\pavillonnoir\__library\win32\include\CEGUI\WindowRendererSets/Falagard/FalStaticImage.h(62) : see declaration of 'CEGUI::FalagardStaticImage'
     1>..\..\..\__src\pncore\PNGUIWin.cpp(95): error C2039: 'hide' : is not a member of 'CEGUI::FalagardStaticText'
                 D:\Pavillon noir\Code\trunk\pavillonnoir\__library\win32\include\CEGUI\WindowRendererSets/Falagard/FalStaticText.h(72) : see declaration of 'CEGUI::FalagardStaticText'
     1>..\..\..\__src\pncore\PNGUIWin.cpp(106): error C2039: 'show' : is not a member of 'CEGUI::FalagardStaticText'
                 D:\Pavillon noir\Code\trunk\pavillonnoir\__library\win32\include\CEGUI\WindowRendererSets/Falagard/FalStaticText.h(72) : see declaration of 'CEGUI::FalagardStaticText'
     1>..\..\..\__src\pncore\PNGUIWin.cpp(130): warning C4244: 'initializing' : conversion from 'PN::pnuint' to 'float', possible loss of data
     1>..\..\..\__src\pncore\PNGUIWin.cpp(166): error C2664: 'CEGUI::Window::setPosition' : cannot convert parameter 1 from 'CEGUI::Point' to 'const CEGUI::UVector2 &'
                 Reason: cannot convert from 'CEGUI::Point' to 'const CEGUI::UVector2'
                 No user-defined-conversion operator available that can perform this conversion, or the operator cannot be called
     1>..\..\..\__src\pncore\PNGUIWin.cpp(172): error C2664: 'CEGUI::Window::setSize' : cannot convert parameter 1 from 'CEGUI::Size' to 'const CEGUI::UVector2 &'
                 Reason: cannot convert from 'CEGUI::Size' to 'const CEGUI::UVector2'
                 No user-defined-conversion operator available that can perform this conversion, or the operator cannot be called
         Generating Code...
     1>Génération du projet "D:\Pavillon noir\Code\trunk\pavillonnoir\__managers\vcpp10\pncore\pncore.vcxproj" terminée (build cible(s)) -- ÉCHEC.

ÉCHEC de la build.

Temps écoulé 00:00:30.00
