D:\Pavillon noir\Code\trunk\pavillonnoir\__managers\vcpp10\pncore\Release\cl.command.1.tlog
D:\Pavillon noir\Code\trunk\pavillonnoir\__managers\vcpp10\pncore\Release\CL.read.1.tlog
D:\Pavillon noir\Code\trunk\pavillonnoir\__managers\vcpp10\pncore\Release\CL.write.1.tlog
D:\Pavillon noir\Code\trunk\pavillonnoir\__managers\vcpp10\pncore\Release\link.command.1.tlog
D:\Pavillon noir\Code\trunk\pavillonnoir\__managers\vcpp10\pncore\Release\link.read.1.tlog
D:\Pavillon noir\Code\trunk\pavillonnoir\__managers\vcpp10\pncore\Release\link.write.1.tlog
D:\Pavillon noir\Code\trunk\pavillonnoir\__managers\vcpp10\pncore\Release\link-cvtres.read.1.tlog
D:\Pavillon noir\Code\trunk\pavillonnoir\__managers\vcpp10\pncore\Release\link-cvtres.write.1.tlog
D:\PAVILLON NOIR\CODE\TRUNK\PAVILLONNOIR\__MANAGERS\VCPP10\PNCORE\RELEASE\MAIN.OBJ
D:\PAVILLON NOIR\CODE\TRUNK\PAVILLONNOIR\__MANAGERS\VCPP10\PNCORE\RELEASE\PNCHATTREE.OBJ
D:\Pavillon noir\Code\trunk\pavillonnoir\__managers\vcpp10\pncore\Release\pncore.exe.intermediate.manifest
D:\Pavillon noir\Code\trunk\pavillonnoir\__managers\vcpp10\pncore\Release\pncore.write.1.tlog
D:\PAVILLON NOIR\CODE\TRUNK\PAVILLONNOIR\__MANAGERS\VCPP10\PNCORE\RELEASE\PNFOXMAINWINDOW.OBJ
D:\PAVILLON NOIR\CODE\TRUNK\PAVILLONNOIR\__MANAGERS\VCPP10\PNCORE\RELEASE\PNFOXOPTIONWINDOW.OBJ
D:\PAVILLON NOIR\CODE\TRUNK\PAVILLONNOIR\__MANAGERS\VCPP10\PNCORE\RELEASE\PNGUICHATWINDOW.OBJ
D:\PAVILLON NOIR\CODE\TRUNK\PAVILLONNOIR\__MANAGERS\VCPP10\PNCORE\RELEASE\PNGUIDEATH.OBJ
D:\PAVILLON NOIR\CODE\TRUNK\PAVILLONNOIR\__MANAGERS\VCPP10\PNCORE\RELEASE\PNGUIESCMENU.OBJ
D:\PAVILLON NOIR\CODE\TRUNK\PAVILLONNOIR\__MANAGERS\VCPP10\PNCORE\RELEASE\PNGUIGAME.OBJ
D:\PAVILLON NOIR\CODE\TRUNK\PAVILLONNOIR\__MANAGERS\VCPP10\PNCORE\RELEASE\PNGUILOADINGSCREEN.OBJ
D:\PAVILLON NOIR\CODE\TRUNK\PAVILLONNOIR\__MANAGERS\VCPP10\PNCORE\RELEASE\PNGUIMENULOAD.OBJ
D:\PAVILLON NOIR\CODE\TRUNK\PAVILLONNOIR\__MANAGERS\VCPP10\PNCORE\RELEASE\PNGUIMENUROOT.OBJ
D:\PAVILLON NOIR\CODE\TRUNK\PAVILLONNOIR\__MANAGERS\VCPP10\PNCORE\RELEASE\PNGUIMSGBOX.OBJ
D:\PAVILLON NOIR\CODE\TRUNK\PAVILLONNOIR\__MANAGERS\VCPP10\PNCORE\RELEASE\PNGUISTATEMANAGER.OBJ
D:\PAVILLON NOIR\CODE\TRUNK\PAVILLONNOIR\__MANAGERS\VCPP10\PNCORE\RELEASE\PNGUIWIN.OBJ
D:\PAVILLON NOIR\CODE\TRUNK\PAVILLONNOIR\__MANAGERS\VCPP10\PNCORE\RELEASE\PNLOADPLUGINS.OBJ
D:\Pavillon noir\Code\trunk\pavillonnoir\__managers\vcpp10\pncore\Release\rc.command.1.tlog
D:\Pavillon noir\Code\trunk\pavillonnoir\__managers\vcpp10\pncore\Release\rc.read.1.tlog
D:\Pavillon noir\Code\trunk\pavillonnoir\__managers\vcpp10\pncore\Release\rc.write.1.tlog
D:\PAVILLON NOIR\CODE\TRUNK\PAVILLONNOIR\__MANAGERS\VCPP10\PNCORE\RELEASE\RESSOURCES.RES
D:\PAVILLON NOIR\CODE\TRUNK\PAVILLONNOIR\__MANAGERS\VCPP10\PNCORE\RELEASE\VC100.PDB
