Build started 12.07.2011 09:58:55.
     1>Project "D:\Pavillon noir\Code\trunk\pavillonnoir\__managers\vcpp10\pnsound\pnsound.vcxproj" on node 3 (build target(s)).
     1>InitializeBuildStatus:
         Creating "Release\pnsound.unsuccessfulbuild" because "AlwaysCreate" was specified.
       ClCompile:
         c:\Program Files (x86)\Microsoft Visual Studio 10.0\VC\bin\CL.exe /c /I../../../__src/pncommon /I../../../__library/win32/include /I../../../__library/common/ /I../../../__library/win32/include/AL /Zi /nologo /W3 /WX- /O2 /Oy- /D WIN32 /D NDEBUG /D _WINDOWS /D _USRDLL /D PNSOUND_EXPORTS /D BOOST_ALL_DYN_LINK /D _WINDLL /D _MBCS /Gm- /EHsc /MD /GS /fp:precise /Zc:wchar_t /Zc:forScope /Fo"Release\\" /Fd"Release\vc100.pdb" /Gd /TP /analyze- /errorReport:prompt ..\..\..\__src\pnsound\PNConsoleSoundCommands.cpp ..\..\..\__src\pnsound\pndlmain.cpp ..\..\..\__src\pnsound\PNSound.cpp ..\..\..\__src\pnsound\PNSoundManager.cpp -DBOOST_FILESYSTEM_VERSION=2 
         PNConsoleSoundCommands.cpp
         pndlmain.cpp
         PNSound.cpp
     1>D:\Pavillon noir\Code\trunk\pavillonnoir\__library\win32\include\vorbis/vorbisfile.h(53): warning C4244: 'argument' : conversion from 'ogg_int64_t' to 'long', possible loss of data
     1>..\..\..\__src\pnsound\PNSound.cpp(189): warning C4996: 'fopen': This function or variable may be unsafe. Consider using fopen_s instead. To disable deprecation, use _CRT_SECURE_NO_WARNINGS. See online help for details.
                 c:\Program Files (x86)\Microsoft Visual Studio 10.0\VC\include\stdio.h(234) : see declaration of 'fopen'
         PNSoundManager.cpp
         Generating Code...
       ResourceCompile:
         c:\Program Files (x86)\Microsoft SDKs\Windows\v7.0A\bin\rc.exe /l"0x0409" /nologo /fo"Release\pnsound.res" pnsound.rc 
     1>C:\Program Files (x86)\MSBuild\Microsoft.Cpp\v4.0\Microsoft.CppBuild.targets(990,5): warning MSB8012: TargetPath(D:\Pavillon noir\Code\trunk\pavillonnoir\__managers\vcpp10\Release\pnsound.dll) does not match the Linker's OutputFile property value (D:\Pavillon noir\Code\trunk\pavillonnoir\__binaries\win32\plugins\pnsound.pnp). This may cause your project to build incorrectly. To correct this, please make sure that $(OutDir), $(TargetName) and $(TargetExt) property values match the value specified in %(Link.OutputFile).
     1>C:\Program Files (x86)\MSBuild\Microsoft.Cpp\v4.0\Microsoft.CppBuild.targets(991,5): warning MSB8012: TargetExt(.dll) does not match the Linker's OutputFile property value (.pnp). This may cause your project to build incorrectly. To correct this, please make sure that $(OutDir), $(TargetName) and $(TargetExt) property values match the value specified in %(Link.OutputFile).
       Link:
         c:\Program Files (x86)\Microsoft Visual Studio 10.0\VC\bin\link.exe /ERRORREPORT:PROMPT /OUT:"../../../__binaries/win32/plugins/pnsound.pnp" /INCREMENTAL:NO /NOLOGO /LIBPATH:..\..\..\__library\win32\lib OpenAL32.lib ogg.lib vorbis.lib vorbisfile.lib ALut.lib kernel32.lib user32.lib gdi32.lib winspool.lib comdlg32.lib advapi32.lib shell32.lib ole32.lib oleaut32.lib uuid.lib odbc32.lib odbccp32.lib /MANIFEST /ManifestFile:"Release\pnsound.dll.intermediate.manifest" /MANIFESTUAC:"level='asInvoker' uiAccess='false'" /PDB:"D:\Pavillon noir\Code\trunk\pavillonnoir\__managers\vcpp10\Release\pnsound.pdb" /SUBSYSTEM:WINDOWS /OPT:REF /OPT:ICF /TLBID:1 /DYNAMICBASE /NXCOMPAT /IMPLIB:"Release\pnsound.lib" /MACHINE:X86 /DLL Release\pnsound.res
         Release\PNConsoleSoundCommands.obj
         Release\pndlmain.obj
         Release\PNSound.obj
         Release\PNSoundManager.obj
         "D:\Pavillon noir\Code\trunk\pavillonnoir\__managers\vcpp10\pncommon\Release\pncommon.lib"
            Creating library Release\pnsound.lib and object Release\pnsound.exp
         pnsound.vcxproj -> D:\Pavillon noir\Code\trunk\pavillonnoir\__managers\vcpp10\Release\pnsound.dll
       Manifest:
         c:\Program Files (x86)\Microsoft SDKs\Windows\v7.0A\bin\mt.exe /nologo /verbose /outputresource:"../../../__binaries/win32/plugins/pnsound.pnp;#2" /manifest Release\pnsound.dll.intermediate.manifest
       FinalizeBuildStatus:
         Deleting file "Release\pnsound.unsuccessfulbuild".
         Touching "Release\pnsound.lastbuildstate".
     1>Done Building Project "D:\Pavillon noir\Code\trunk\pavillonnoir\__managers\vcpp10\pnsound\pnsound.vcxproj" (build target(s)).

Build succeeded.

Time Elapsed 00:00:17.57
